simple	08-Jul-2015 13:42:08	Build AppSpider Plugin - Test plan - Bamboo job with appspider scan #1 (ASP-TP-JOB1-1) started building on agent Default Agent
simple	08-Jul-2015 13:42:08	
simple	08-Jul-2015 13:42:09	Build working directory is /home/nbugash/Development/rapid7/appspider/bamboo/bamboospider/target/bamboo/home/xml-data/build-dir/ASP-TP-JOB1
simple	08-Jul-2015 13:42:09	Executing build AppSpider Plugin - Test plan - Bamboo job with appspider scan #1 (ASP-TP-JOB1-1)
simple	08-Jul-2015 13:42:09	Running pre-build action: VCS Version Collector
simple	08-Jul-2015 13:42:09	Starting task 'Scan the build [Build Name] after it is complete' of type 'com.rapid7.bamboospider:test'
error	08-Jul-2015 13:42:09	Error occurred while running Task 'Scan the build [Build Name] after it is complete(1)' of type com.rapid7.bamboospider:test.
error	08-Jul-2015 13:42:09	java.lang.NullPointerException
error	08-Jul-2015 13:42:09		at com.atlassian.bamboo.task.QuarantineTaskResultProcessor.recalculateTaskState(QuarantineTaskResultProcessor.java:26)
error	08-Jul-2015 13:42:09		at com.atlassian.bamboo.task.TaskExecutorImpl.executeTasks(TaskExecutorImpl.java:300)
error	08-Jul-2015 13:42:09		at com.atlassian.bamboo.task.TaskExecutorImpl.execute(TaskExecutorImpl.java:106)
error	08-Jul-2015 13:42:09		at com.atlassian.bamboo.build.pipeline.tasks.ExecuteBuildTask.call(ExecuteBuildTask.java:75)
error	08-Jul-2015 13:42:09		at com.atlassian.bamboo.v2.build.agent.DefaultBuildAgent.build(DefaultBuildAgent.java:196)
error	08-Jul-2015 13:42:09		at com.atlassian.bamboo.v2.build.agent.BuildAgentControllerImpl$1.call(BuildAgentControllerImpl.java:124)
error	08-Jul-2015 13:42:09		at com.atlassian.bamboo.v2.build.agent.BuildAgentControllerImpl$1.call(BuildAgentControllerImpl.java:115)
error	08-Jul-2015 13:42:09		at com.atlassian.bamboo.variable.CustomVariableContextImpl.withVariableSubstitutor(CustomVariableContextImpl.java:215)
error	08-Jul-2015 13:42:09		at com.atlassian.bamboo.v2.build.agent.BuildAgentControllerImpl.waitAndPerformBuild(BuildAgentControllerImpl.java:114)
error	08-Jul-2015 13:42:09		at com.atlassian.bamboo.v2.build.agent.DefaultBuildAgent$1.run(DefaultBuildAgent.java:118)
error	08-Jul-2015 13:42:09		at com.atlassian.bamboo.utils.BambooRunnables$1.run(BambooRunnables.java:49)
error	08-Jul-2015 13:42:09		at com.atlassian.bamboo.security.ImpersonationHelper.runWith(ImpersonationHelper.java:31)
error	08-Jul-2015 13:42:09		at com.atlassian.bamboo.security.ImpersonationHelper.runWithSystemAuthority(ImpersonationHelper.java:20)
error	08-Jul-2015 13:42:09		at com.atlassian.bamboo.security.ImpersonationHelper$1.run(ImpersonationHelper.java:52)
error	08-Jul-2015 13:42:09		at java.lang.Thread.run(Thread.java:745)
simple	08-Jul-2015 13:42:09	Running post build plugin 'npm Cache Cleanup'
simple	08-Jul-2015 13:42:09	Running post build plugin 'NCover Results Collector'
simple	08-Jul-2015 13:42:09	Running post build plugin 'Clover Results Collector'
simple	08-Jul-2015 13:42:09	Running post build plugin 'Docker Container Cleanup'
simple	08-Jul-2015 13:42:09	Running post build plugin 'Artifact Copier'
simple	08-Jul-2015 13:42:09	Finalising the build...
simple	08-Jul-2015 13:42:09	Stopping timer.
simple	08-Jul-2015 13:42:09	Build ASP-TP-JOB1-1 completed.
simple	08-Jul-2015 13:42:09	Running on server: post build plugin 'NCover Results Collector'
simple	08-Jul-2015 13:42:09	Running on server: post build plugin 'Clover Delta Calculator'
simple	08-Jul-2015 13:42:09	Running on server: post build plugin 'Maven Dependencies Postprocessor'
simple	08-Jul-2015 13:42:09	Running on server: post build plugin 'Build Hanging Detection Configuration'
simple	08-Jul-2015 13:42:09	All post build plugins have finished
simple	08-Jul-2015 13:42:09	Generating build results summary...
simple	08-Jul-2015 13:42:09	Saving build results to disk...
simple	08-Jul-2015 13:42:09	Logging substituted variables...
simple	08-Jul-2015 13:42:09	Indexing build results...
simple	08-Jul-2015 13:42:09	Finished building ASP-TP-JOB1-1.
