simple	08-Jul-2015 14:38:19	Build AppSpider Plugin - Test plan - Bamboo job with appspider scan #9 (ASP-TP-JOB1-9) started building on agent Default Agent
simple	08-Jul-2015 14:38:19	
simple	08-Jul-2015 14:38:19	Build working directory is /home/nbugash/Development/rapid7/appspider/bamboo/bamboospider/target/bamboo/home/xml-data/build-dir/ASP-TP-JOB1
simple	08-Jul-2015 14:38:19	Executing build AppSpider Plugin - Test plan - Bamboo job with appspider scan #9 (ASP-TP-JOB1-9)
simple	08-Jul-2015 14:38:19	Running pre-build action: VCS Version Collector
simple	08-Jul-2015 14:38:19	Starting task 'Scan the build [Build Name] after it is complete' of type 'com.rapid7.bamboospider:test'
simple	08-Jul-2015 14:38:19	Value for restUrl: www.appspiderurl.com
simple	08-Jul-2015 14:38:19	Value for login: admin
simple	08-Jul-2015 14:38:19	Value for password: admin
simple	08-Jul-2015 14:38:19	Value for scan config: scan config name
simple	08-Jul-2015 14:38:19	Value for scan: true
simple	08-Jul-2015 14:38:19	Scan was set to true
simple	08-Jul-2015 14:38:19	Finished task 'Scan the build [Build Name] after it is complete' with result: Success
simple	08-Jul-2015 14:38:19	Running post build plugin 'npm Cache Cleanup'
simple	08-Jul-2015 14:38:19	Running post build plugin 'NCover Results Collector'
simple	08-Jul-2015 14:38:19	Running post build plugin 'Clover Results Collector'
simple	08-Jul-2015 14:38:19	Running post build plugin 'Docker Container Cleanup'
simple	08-Jul-2015 14:38:19	Running post build plugin 'Artifact Copier'
simple	08-Jul-2015 14:38:19	Finalising the build...
simple	08-Jul-2015 14:38:19	Stopping timer.
simple	08-Jul-2015 14:38:19	Build ASP-TP-JOB1-9 completed.
simple	08-Jul-2015 14:38:19	Running on server: post build plugin 'NCover Results Collector'
simple	08-Jul-2015 14:38:19	Running on server: post build plugin 'Clover Delta Calculator'
simple	08-Jul-2015 14:38:19	Running on server: post build plugin 'Maven Dependencies Postprocessor'
simple	08-Jul-2015 14:38:19	Running on server: post build plugin 'Build Hanging Detection Configuration'
simple	08-Jul-2015 14:38:19	All post build plugins have finished
simple	08-Jul-2015 14:38:20	Generating build results summary...
simple	08-Jul-2015 14:38:20	Saving build results to disk...
simple	08-Jul-2015 14:38:20	Logging substituted variables...
simple	08-Jul-2015 14:38:20	Indexing build results...
simple	08-Jul-2015 14:38:20	Finished building ASP-TP-JOB1-9.
