simple	08-Jul-2015 14:52:08	Build AppSpider Plugin - Test plan - Bamboo job with appspider scan #10 (ASP-TP-JOB1-10) started building on agent Default Agent
simple	08-Jul-2015 14:52:08	
simple	08-Jul-2015 14:52:08	Build working directory is /home/nbugash/Development/rapid7/appspider/bamboo/bamboospider/target/bamboo/home/xml-data/build-dir/ASP-TP-JOB1
simple	08-Jul-2015 14:52:08	Executing build AppSpider Plugin - Test plan - Bamboo job with appspider scan #10 (ASP-TP-JOB1-10)
simple	08-Jul-2015 14:52:08	Running pre-build action: VCS Version Collector
simple	08-Jul-2015 14:52:08	Starting task 'Scan the build [Build Name] after it is complete' of type 'com.rapid7.bamboospider:test'
simple	08-Jul-2015 14:52:08	Value for restUrl: www.appspiderurl.com
simple	08-Jul-2015 14:52:08	Value for login: admin
simple	08-Jul-2015 14:52:08	Value for password: admin
simple	08-Jul-2015 14:52:08	Value for scan config: scan config name
simple	08-Jul-2015 14:52:08	Value for scan: true
simple	08-Jul-2015 14:52:08	Scan was set to true
simple	08-Jul-2015 14:52:08	Finished task 'Scan the build [Build Name] after it is complete' with result: Success
simple	08-Jul-2015 14:52:08	Running post build plugin 'npm Cache Cleanup'
simple	08-Jul-2015 14:52:08	Running post build plugin 'NCover Results Collector'
simple	08-Jul-2015 14:52:08	Running post build plugin 'Clover Results Collector'
simple	08-Jul-2015 14:52:08	Running post build plugin 'Docker Container Cleanup'
simple	08-Jul-2015 14:52:08	Running post build plugin 'Artifact Copier'
simple	08-Jul-2015 14:52:08	Finalising the build...
simple	08-Jul-2015 14:52:08	Stopping timer.
simple	08-Jul-2015 14:52:08	Build ASP-TP-JOB1-10 completed.
simple	08-Jul-2015 14:52:08	Running on server: post build plugin 'NCover Results Collector'
simple	08-Jul-2015 14:52:08	Running on server: post build plugin 'Clover Delta Calculator'
simple	08-Jul-2015 14:52:09	Running on server: post build plugin 'Maven Dependencies Postprocessor'
simple	08-Jul-2015 14:52:09	Running on server: post build plugin 'Build Hanging Detection Configuration'
simple	08-Jul-2015 14:52:09	All post build plugins have finished
simple	08-Jul-2015 14:52:09	Generating build results summary...
simple	08-Jul-2015 14:52:09	Saving build results to disk...
simple	08-Jul-2015 14:52:09	Logging substituted variables...
simple	08-Jul-2015 14:52:09	Indexing build results...
simple	08-Jul-2015 14:52:09	Finished building ASP-TP-JOB1-10.
