simple	08-Jul-2015 14:33:01	Build AppSpider Plugin - Test plan - Bamboo job with appspider scan #7 (ASP-TP-JOB1-7) started building on agent Default Agent
simple	08-Jul-2015 14:33:01	
simple	08-Jul-2015 14:33:01	Build working directory is /home/nbugash/Development/rapid7/appspider/bamboo/bamboospider/target/bamboo/home/xml-data/build-dir/ASP-TP-JOB1
simple	08-Jul-2015 14:33:01	Executing build AppSpider Plugin - Test plan - Bamboo job with appspider scan #7 (ASP-TP-JOB1-7)
simple	08-Jul-2015 14:33:01	Running pre-build action: VCS Version Collector
simple	08-Jul-2015 14:33:01	Starting task 'Scan the build [Build Name] after it is complete' of type 'com.rapid7.bamboospider:test'
simple	08-Jul-2015 14:33:01	Value for restUrl: www.appspiderurl.com
simple	08-Jul-2015 14:33:01	Value for login: admin
simple	08-Jul-2015 14:33:01	Value for password: adminapssword
simple	08-Jul-2015 14:33:01	Value for scan config: scan config name
simple	08-Jul-2015 14:33:01	Value for scan: true
simple	08-Jul-2015 14:33:01	Finished task 'Scan the build [Build Name] after it is complete' with result: Failed
simple	08-Jul-2015 14:33:01	Running post build plugin 'npm Cache Cleanup'
simple	08-Jul-2015 14:33:01	Running post build plugin 'NCover Results Collector'
simple	08-Jul-2015 14:33:01	Running post build plugin 'Clover Results Collector'
simple	08-Jul-2015 14:33:01	Running post build plugin 'Docker Container Cleanup'
simple	08-Jul-2015 14:33:01	Running post build plugin 'Artifact Copier'
simple	08-Jul-2015 14:33:01	Finalising the build...
simple	08-Jul-2015 14:33:01	Stopping timer.
simple	08-Jul-2015 14:33:01	Build ASP-TP-JOB1-7 completed.
simple	08-Jul-2015 14:33:01	Running on server: post build plugin 'NCover Results Collector'
simple	08-Jul-2015 14:33:01	Running on server: post build plugin 'Clover Delta Calculator'
simple	08-Jul-2015 14:33:01	Running on server: post build plugin 'Maven Dependencies Postprocessor'
simple	08-Jul-2015 14:33:01	Running on server: post build plugin 'Build Hanging Detection Configuration'
simple	08-Jul-2015 14:33:01	All post build plugins have finished
simple	08-Jul-2015 14:33:01	Generating build results summary...
simple	08-Jul-2015 14:33:01	Saving build results to disk...
simple	08-Jul-2015 14:33:01	Logging substituted variables...
simple	08-Jul-2015 14:33:01	Indexing build results...
simple	08-Jul-2015 14:33:01	Finished building ASP-TP-JOB1-7.
