simple	08-Jul-2015 13:48:46	Build AppSpider Plugin - Test plan - Bamboo job with appspider scan #4 (ASP-TP-JOB1-4) started building on agent Default Agent
simple	08-Jul-2015 13:48:46	
simple	08-Jul-2015 13:48:46	Build working directory is /home/nbugash/Development/rapid7/appspider/bamboo/bamboospider/target/bamboo/home/xml-data/build-dir/ASP-TP-JOB1
simple	08-Jul-2015 13:48:46	Executing build AppSpider Plugin - Test plan - Bamboo job with appspider scan #4 (ASP-TP-JOB1-4)
simple	08-Jul-2015 13:48:46	Running pre-build action: VCS Version Collector
simple	08-Jul-2015 13:48:46	Starting task 'Scan the build [Build Name] after it is complete' of type 'com.rapid7.bamboospider:test'
simple	08-Jul-2015 13:48:46	Value for restUrl: null
simple	08-Jul-2015 13:48:46	Value for login: null
simple	08-Jul-2015 13:48:46	Value for password: null
simple	08-Jul-2015 13:48:46	Value for scan config: null
simple	08-Jul-2015 13:48:46	Value for scan: null
simple	08-Jul-2015 13:48:46	Finished task 'Scan the build [Build Name] after it is complete' with result: Failed
simple	08-Jul-2015 13:48:46	Running post build plugin 'npm Cache Cleanup'
simple	08-Jul-2015 13:48:46	Running post build plugin 'NCover Results Collector'
simple	08-Jul-2015 13:48:46	Running post build plugin 'Clover Results Collector'
simple	08-Jul-2015 13:48:46	Running post build plugin 'Docker Container Cleanup'
simple	08-Jul-2015 13:48:46	Running post build plugin 'Artifact Copier'
simple	08-Jul-2015 13:48:46	Finalising the build...
simple	08-Jul-2015 13:48:46	Stopping timer.
simple	08-Jul-2015 13:48:46	Build ASP-TP-JOB1-4 completed.
simple	08-Jul-2015 13:48:46	Running on server: post build plugin 'NCover Results Collector'
simple	08-Jul-2015 13:48:46	Running on server: post build plugin 'Clover Delta Calculator'
simple	08-Jul-2015 13:48:46	Running on server: post build plugin 'Maven Dependencies Postprocessor'
simple	08-Jul-2015 13:48:46	Running on server: post build plugin 'Build Hanging Detection Configuration'
simple	08-Jul-2015 13:48:46	All post build plugins have finished
simple	08-Jul-2015 13:48:46	Generating build results summary...
simple	08-Jul-2015 13:48:46	Saving build results to disk...
simple	08-Jul-2015 13:48:46	Logging substituted variables...
simple	08-Jul-2015 13:48:46	Indexing build results...
simple	08-Jul-2015 13:48:46	Finished building ASP-TP-JOB1-4.
