simple	08-Jul-2015 14:36:21	Build AppSpider Plugin - Test plan - Bamboo job with appspider scan #8 (ASP-TP-JOB1-8) started building on agent Default Agent
simple	08-Jul-2015 14:36:21	
simple	08-Jul-2015 14:36:21	Build working directory is /home/nbugash/Development/rapid7/appspider/bamboo/bamboospider/target/bamboo/home/xml-data/build-dir/ASP-TP-JOB1
simple	08-Jul-2015 14:36:21	Executing build AppSpider Plugin - Test plan - Bamboo job with appspider scan #8 (ASP-TP-JOB1-8)
simple	08-Jul-2015 14:36:21	Running pre-build action: VCS Version Collector
simple	08-Jul-2015 14:36:21	Starting task 'Scan the build [Build Name] after it is complete' of type 'com.rapid7.bamboospider:test'
simple	08-Jul-2015 14:36:21	Value for restUrl: www.appspiderurl.com
simple	08-Jul-2015 14:36:21	Value for login: admin
simple	08-Jul-2015 14:36:21	Value for password: admin
simple	08-Jul-2015 14:36:21	Value for scan config: scan config name
simple	08-Jul-2015 14:36:21	Value for scan: true
simple	08-Jul-2015 14:36:21	Scan was set to false
simple	08-Jul-2015 14:36:21	Finished task 'Scan the build [Build Name] after it is complete' with result: Failed
simple	08-Jul-2015 14:36:21	Running post build plugin 'npm Cache Cleanup'
simple	08-Jul-2015 14:36:21	Running post build plugin 'NCover Results Collector'
simple	08-Jul-2015 14:36:21	Running post build plugin 'Clover Results Collector'
simple	08-Jul-2015 14:36:21	Running post build plugin 'Docker Container Cleanup'
simple	08-Jul-2015 14:36:21	Running post build plugin 'Artifact Copier'
simple	08-Jul-2015 14:36:21	Finalising the build...
simple	08-Jul-2015 14:36:21	Stopping timer.
simple	08-Jul-2015 14:36:21	Build ASP-TP-JOB1-8 completed.
simple	08-Jul-2015 14:36:21	Running on server: post build plugin 'NCover Results Collector'
simple	08-Jul-2015 14:36:21	Running on server: post build plugin 'Clover Delta Calculator'
simple	08-Jul-2015 14:36:21	Running on server: post build plugin 'Maven Dependencies Postprocessor'
simple	08-Jul-2015 14:36:21	Running on server: post build plugin 'Build Hanging Detection Configuration'
simple	08-Jul-2015 14:36:21	All post build plugins have finished
simple	08-Jul-2015 14:36:21	Generating build results summary...
simple	08-Jul-2015 14:36:21	Saving build results to disk...
simple	08-Jul-2015 14:36:21	Logging substituted variables...
simple	08-Jul-2015 14:36:21	Indexing build results...
simple	08-Jul-2015 14:36:21	Finished building ASP-TP-JOB1-8.
