simple	27-Jun-2011 16:18:03	Build AP-SUCCEED-JOB1-1 started building on agent Default Agent
simple	27-Jun-2011 16:18:03	Updating source code to the latest revision
simple	27-Jun-2011 16:18:03	Updated source code to revision: dummyVcsKey
simple	27-Jun-2011 16:18:03	Executing build AP-SUCCEED-JOB1-1
simple	27-Jun-2011 16:18:03	Running pre-build action: Build Number Stamper
simple	27-Jun-2011 16:18:03	Running pre-build action: Clover Grails PreBuild Action
simple	27-Jun-2011 16:18:03	Running pre-build action: VCS Version Collector
simple	27-Jun-2011 16:18:03	Running pre-build action: Repository Isolation Enabler Action
simple	27-Jun-2011 16:18:03	Running pre-build action: Maven Settings Prebuild Action
simple	27-Jun-2011 16:18:03	Starting task 'Script'
command	27-Jun-2011 16:18:03	Beginning to execute external process for build 'Another Project - Succeed - Default Job'<br /> ... running command line: /bin/sh echo "foo"<br /> ... in : /Users/jdumay/code/jira-bamboo-plugin/target/bamboo/home/xml-data/build-dir/AP-SUCCEED-JOB1<br />
error	27-Jun-2011 16:18:03	/bin/sh: echo "foo": No such file or directory
simple	27-Jun-2011 16:18:03	Failing task since return code was 127 while expected 0
simple	27-Jun-2011 16:18:03	Finished task 'Script'
simple	27-Jun-2011 16:18:03	Running post build plugin 'NCover Results Collector'
simple	27-Jun-2011 16:18:03	Running post build plugin 'Clover Results Collector'
simple	27-Jun-2011 16:18:03	Running post build plugin 'Isolated Maven Repository Cleaner'
simple	27-Jun-2011 16:18:03	Running post build plugin 'Artifact Copier'
simple	27-Jun-2011 16:18:03	Running post build plugin 'Cleanup Build Processor'
simple	27-Jun-2011 16:18:03	Finalising the build...
simple	27-Jun-2011 16:18:03	Stopping timer.
simple	27-Jun-2011 16:18:03	Build AP-SUCCEED-JOB1-1 completed.
simple	27-Jun-2011 16:18:03	Running on server: post build plugin 'NCover Results Collector'
simple	27-Jun-2011 16:18:03	Running on server: post build plugin 'Clover Delta Calculator'
simple	27-Jun-2011 16:18:03	Running on server: post build plugin 'Build Hanging Detection Configuration'
simple	27-Jun-2011 16:18:03	All post build plugins have finished
simple	27-Jun-2011 16:18:03	Generating build results summary...
simple	27-Jun-2011 16:18:03	Saving build results to disk...
simple	27-Jun-2011 16:18:03	Indexing build results...
simple	27-Jun-2011 16:18:03	Finished building AP-SUCCEED-JOB1-1.
