/*C32*/SET SCHEMA PUBLIC
CONNECT USER SA
SET AUTOCOMMIT FALSE
SET AUTOCOMMIT TRUE
/*C33*/SET SCHEMA PUBLIC
CONNECT USER SA
SET AUTOCOMMIT FALSE
SET AUTOCOMMIT TRUE
/*C34*/SET SCHEMA PUBLIC
CONNECT USER SA
SET AUTOCOMMIT FALSE
SET AUTOCOMMIT TRUE
create table CREDENTIALS (CREDENTIALS_ID bigint not null, NAME varchar(255), XML longvarchar, primary key (CREDENTIALS_ID))
alter table DEPLOYMENT_VERSION add column PLAN_BRANCH_NAME varchar(255)
alter table USER_COMMIT add column FOREIGN_COMMIT bit
alter table BUILDRESULTSUMMARY add column FIXED_IN_RESULT integer
create index brs_chain_result_summary_idx on BUILDRESULTSUMMARY (CHAIN_RESULT)
SET AUTOCOMMIT FALSE
SET AUTOCOMMIT TRUE
DISCONNECT
/*C33*/SET AUTOCOMMIT FALSE
SET AUTOCOMMIT TRUE
/*C32*/DISCONNECT
/*C33*/SET AUTOCOMMIT FALSE
SET AUTOCOMMIT TRUE
SET AUTOCOMMIT FALSE
SET AUTOCOMMIT TRUE
SET AUTOCOMMIT FALSE
DELETE FROM BANDANA WHERE BANDANA_ID=1474561
INSERT INTO BANDANA VALUES(1474561,0,'com.atlassian.activeobjects.admin.ActiveObjectsPluginToTablesMapping','<string>{&quot;AO_B9DACA_AOTRACKING_RESULT&quot;:{&quot;key&quot;:&quot;com.atlassian.bamboo.brokenbuildtracker&quot;,&quot;name&quot;:&quot;Broken Build Responsibility Tracker&quot;,&quot;version&quot;:&quot;4.3.4&quot;,&quot;vendorName&quot;:&quot;Atlassian Software Systems Pty Ltd&quot;,&quot;vendorUrl&quot;:&quot;http://www.atlassian.com&quot;},&quot;AO_7A45FB_AOTRACKING_USER&quot;:{&quot;key&quot;:&quot;com.atlassian.bamboo.brokenbuildtracker&quot;,&quot;name&quot;:&quot;Broken Build Responsibility Tracker&quot;,&quot;version&quot;:&quot;5.1-SNAPSHOT&quot;,&quot;vendorName&quot;:&quot;Atlassian Software Systems Pty Ltd&quot;,&quot;vendorUrl&quot;:&quot;http://www.atlassian.com&quot;},&quot;AO_B9DACA_AOTRACKING_USER&quot;:{&quot;key&quot;:&quot;com.atlassian.bamboo.brokenbuildtracker&quot;,&quot;name&quot;:&quot;Broken Build Responsibility Tracker&quot;,&quot;version&quot;:&quot;4.3.4&quot;,&quot;vendorName&quot;:&quot;Atlassian Software Systems Pty Ltd&quot;,&quot;vendorUrl&quot;:&quot;http://www.atlassian.com&quot;},&quot;AO_38321B_CUSTOM_CONTENT_LINK&quot;:{&quot;key&quot;:&quot;com.atlassian.plugins.atlassian-nav-links-plugin&quot;,&quot;name&quot;:&quot;Atlassian Navigation Links Plugin&quot;,&quot;version&quot;:&quot;3.3.2-maven2&quot;,&quot;vendorName&quot;:&quot;Atlassian&quot;,&quot;vendorUrl&quot;:&quot;http://www.atlassian.com/&quot;},&quot;AO_7A45FB_AOTRACKING_RESULT&quot;:{&quot;key&quot;:&quot;com.atlassian.bamboo.brokenbuildtracker&quot;,&quot;name&quot;:&quot;Broken Build Responsibility Tracker&quot;,&quot;version&quot;:&quot;5.1-SNAPSHOT&quot;,&quot;vendorName&quot;:&quot;Atlassian Software Systems Pty Ltd&quot;,&quot;vendorUrl&quot;:&quot;http://www.atlassian.com&quot;},&quot;AO_7A45FB_AOTRACKING_ENTRY&quot;:{&quot;key&quot;:&quot;com.atlassian.bamboo.brokenbuildtracker&quot;,&quot;name&quot;:&quot;Broken Build Responsibility Tracker&quot;,&quot;version&quot;:&quot;5.1-SNAPSHOT&quot;,&quot;vendorName&quot;:&quot;Atlassian Software Systems Pty Ltd&quot;,&quot;vendorUrl&quot;:&quot;http://www.atlassian.com&quot;},&quot;AO_B9DACA_AOTRACKING_ENTRY&quot;:{&quot;key&quot;:&quot;com.atlassian.bamboo.brokenbuildtracker&quot;,&quot;name&quot;:&quot;Broken Build Responsibility Tracker&quot;,&quot;version&quot;:&quot;4.3.4&quot;,&quot;vendorName&quot;:&quot;Atlassian Software Systems Pty Ltd&quot;,&quot;vendorUrl&quot;:&quot;http://www.atlassian.com&quot;}}</string>')
COMMIT
SET AUTOCOMMIT TRUE
SET AUTOCOMMIT FALSE
SET AUTOCOMMIT TRUE
SET AUTOCOMMIT FALSE
DELETE FROM BANDANA WHERE BANDANA_ID=1474561
INSERT INTO BANDANA VALUES(1474561,0,'com.atlassian.activeobjects.admin.ActiveObjectsPluginToTablesMapping','<string>{&quot;AO_B9DACA_AOTRACKING_RESULT&quot;:{&quot;key&quot;:&quot;com.atlassian.bamboo.brokenbuildtracker&quot;,&quot;name&quot;:&quot;Broken Build Responsibility Tracker&quot;,&quot;version&quot;:&quot;4.3.4&quot;,&quot;vendorName&quot;:&quot;Atlassian Software Systems Pty Ltd&quot;,&quot;vendorUrl&quot;:&quot;http://www.atlassian.com&quot;},&quot;AO_7A45FB_AOTRACKING_USER&quot;:{&quot;key&quot;:&quot;com.atlassian.bamboo.brokenbuildtracker&quot;,&quot;name&quot;:&quot;Broken Build Responsibility Tracker&quot;,&quot;version&quot;:&quot;5.6.0&quot;,&quot;vendorName&quot;:&quot;Atlassian Software Systems Pty Ltd&quot;,&quot;vendorUrl&quot;:&quot;http://www.atlassian.com&quot;},&quot;AO_B9DACA_AOTRACKING_USER&quot;:{&quot;key&quot;:&quot;com.atlassian.bamboo.brokenbuildtracker&quot;,&quot;name&quot;:&quot;Broken Build Responsibility Tracker&quot;,&quot;version&quot;:&quot;4.3.4&quot;,&quot;vendorName&quot;:&quot;Atlassian Software Systems Pty Ltd&quot;,&quot;vendorUrl&quot;:&quot;http://www.atlassian.com&quot;},&quot;AO_38321B_CUSTOM_CONTENT_LINK&quot;:{&quot;key&quot;:&quot;com.atlassian.plugins.atlassian-nav-links-plugin&quot;,&quot;name&quot;:&quot;Atlassian Navigation Links Plugin&quot;,&quot;version&quot;:&quot;3.3.2-maven2&quot;,&quot;vendorName&quot;:&quot;Atlassian&quot;,&quot;vendorUrl&quot;:&quot;http://www.atlassian.com/&quot;},&quot;AO_7A45FB_AOTRACKING_RESULT&quot;:{&quot;key&quot;:&quot;com.atlassian.bamboo.brokenbuildtracker&quot;,&quot;name&quot;:&quot;Broken Build Responsibility Tracker&quot;,&quot;version&quot;:&quot;5.6.0&quot;,&quot;vendorName&quot;:&quot;Atlassian Software Systems Pty Ltd&quot;,&quot;vendorUrl&quot;:&quot;http://www.atlassian.com&quot;},&quot;AO_7A45FB_AOTRACKING_ENTRY&quot;:{&quot;key&quot;:&quot;com.atlassian.bamboo.brokenbuildtracker&quot;,&quot;name&quot;:&quot;Broken Build Responsibility Tracker&quot;,&quot;version&quot;:&quot;5.6.0&quot;,&quot;vendorName&quot;:&quot;Atlassian Software Systems Pty Ltd&quot;,&quot;vendorUrl&quot;:&quot;http://www.atlassian.com&quot;},&quot;AO_B9DACA_AOTRACKING_ENTRY&quot;:{&quot;key&quot;:&quot;com.atlassian.bamboo.brokenbuildtracker&quot;,&quot;name&quot;:&quot;Broken Build Responsibility Tracker&quot;,&quot;version&quot;:&quot;4.3.4&quot;,&quot;vendorName&quot;:&quot;Atlassian Software Systems Pty Ltd&quot;,&quot;vendorUrl&quot;:&quot;http://www.atlassian.com&quot;}}</string>')
COMMIT
SET AUTOCOMMIT TRUE
SET AUTOCOMMIT FALSE
SET AUTOCOMMIT TRUE
SET AUTOCOMMIT FALSE
SET AUTOCOMMIT TRUE
SET AUTOCOMMIT FALSE
SET AUTOCOMMIT TRUE
SET AUTOCOMMIT FALSE
SET AUTOCOMMIT TRUE
SET AUTOCOMMIT FALSE
SET AUTOCOMMIT TRUE
SET AUTOCOMMIT FALSE
SET AUTOCOMMIT TRUE
SET AUTOCOMMIT FALSE
SET AUTOCOMMIT TRUE
SET AUTOCOMMIT FALSE
SET AUTOCOMMIT TRUE
SET AUTOCOMMIT FALSE
SET AUTOCOMMIT TRUE
SET AUTOCOMMIT FALSE
SET AUTOCOMMIT TRUE
SET AUTOCOMMIT FALSE
SET AUTOCOMMIT TRUE
SET AUTOCOMMIT FALSE
SET AUTOCOMMIT TRUE
SET AUTOCOMMIT FALSE
SET AUTOCOMMIT TRUE
SET AUTOCOMMIT FALSE
SET AUTOCOMMIT TRUE
SET AUTOCOMMIT FALSE
SET AUTOCOMMIT TRUE
SET AUTOCOMMIT FALSE
CREATE TABLE AO_38321B_CUSTOM_CONTENT_LINK (\u000a    CONTENT_KEY VARCHAR(255),\u000a    ID INTEGER GENERATED BY DEFAULT AS IDENTITY (START WITH 1) NOT NULL,\u000a    LINK_LABEL VARCHAR(255),\u000a    LINK_URL VARCHAR(255),\u000a    SEQUENCE INTEGER DEFAULT 0,\u000a    PRIMARY KEY(ID)\u000a)
CREATE INDEX index_ao_38321b_cus1828044926 ON AO_38321B_CUSTOM_CONTENT_LINK(CONTENT_KEY)
SET AUTOCOMMIT TRUE
SET AUTOCOMMIT FALSE
SET AUTOCOMMIT TRUE
SET AUTOCOMMIT FALSE
SET AUTOCOMMIT TRUE
SET AUTOCOMMIT FALSE
SET AUTOCOMMIT TRUE
SET AUTOCOMMIT FALSE
SET AUTOCOMMIT TRUE
SET AUTOCOMMIT FALSE
SET AUTOCOMMIT TRUE
SET AUTOCOMMIT FALSE
SET AUTOCOMMIT TRUE
SET AUTOCOMMIT FALSE
SET AUTOCOMMIT TRUE
SET AUTOCOMMIT FALSE
SET AUTOCOMMIT TRUE
SET AUTOCOMMIT FALSE
DELETE FROM USER_COMMIT WHERE COMMIT_ID=1015870
DELETE FROM USER_COMMIT WHERE COMMIT_ID=1015869
DELETE FROM USER_COMMIT WHERE COMMIT_ID=1015868
DELETE FROM USER_COMMIT WHERE COMMIT_ID=1015867
DELETE FROM USER_COMMIT WHERE COMMIT_ID=1015866
DELETE FROM USER_COMMIT WHERE COMMIT_ID=1015865
DELETE FROM USER_COMMIT WHERE COMMIT_ID=1015864
DELETE FROM USER_COMMIT WHERE COMMIT_ID=1015863
DELETE FROM USER_COMMIT WHERE COMMIT_ID=1015862
DELETE FROM USER_COMMIT WHERE COMMIT_ID=1015861
DELETE FROM USER_COMMIT WHERE COMMIT_ID=1015860
DELETE FROM USER_COMMIT WHERE COMMIT_ID=1015859
DELETE FROM USER_COMMIT WHERE COMMIT_ID=1015858
DELETE FROM USER_COMMIT WHERE COMMIT_ID=1015857
DELETE FROM USER_COMMIT WHERE COMMIT_ID=1015856
DELETE FROM USER_COMMIT WHERE COMMIT_ID=1015855
DELETE FROM USER_COMMIT WHERE COMMIT_ID=1015854
DELETE FROM USER_COMMIT WHERE COMMIT_ID=1015853
DELETE FROM USER_COMMIT WHERE COMMIT_ID=1015852
DELETE FROM USER_COMMIT WHERE COMMIT_ID=1015851
DELETE FROM USER_COMMIT WHERE COMMIT_ID=1015850
DELETE FROM USER_COMMIT WHERE COMMIT_ID=1015849
DELETE FROM USER_COMMIT WHERE COMMIT_ID=1015848
DELETE FROM USER_COMMIT WHERE COMMIT_ID=1015847
DELETE FROM USER_COMMIT WHERE COMMIT_ID=1015846
DELETE FROM USER_COMMIT WHERE COMMIT_ID=1015845
DELETE FROM USER_COMMIT WHERE COMMIT_ID=1015844
DELETE FROM USER_COMMIT WHERE COMMIT_ID=1015843
DELETE FROM USER_COMMIT WHERE COMMIT_ID=1015842
DELETE FROM USER_COMMIT WHERE COMMIT_ID=1015841
DELETE FROM USER_COMMIT WHERE COMMIT_ID=1015840
DELETE FROM USER_COMMIT WHERE COMMIT_ID=1015839
DELETE FROM USER_COMMIT WHERE COMMIT_ID=1015838
DELETE FROM USER_COMMIT WHERE COMMIT_ID=1015837
DELETE FROM USER_COMMIT WHERE COMMIT_ID=1015836
DELETE FROM USER_COMMIT WHERE COMMIT_ID=1015835
DELETE FROM USER_COMMIT WHERE COMMIT_ID=1015834
DELETE FROM USER_COMMIT WHERE COMMIT_ID=1015833
DELETE FROM USER_COMMIT WHERE COMMIT_ID=1015832
DELETE FROM USER_COMMIT WHERE COMMIT_ID=1015831
DELETE FROM USER_COMMIT WHERE COMMIT_ID=1015830
DELETE FROM USER_COMMIT WHERE COMMIT_ID=1015829
DELETE FROM USER_COMMIT WHERE COMMIT_ID=1015828
DELETE FROM USER_COMMIT WHERE COMMIT_ID=1015827
DELETE FROM USER_COMMIT WHERE COMMIT_ID=1015826
DELETE FROM USER_COMMIT WHERE COMMIT_ID=1015825
DELETE FROM USER_COMMIT WHERE COMMIT_ID=1015824
DELETE FROM USER_COMMIT WHERE COMMIT_ID=1015823
DELETE FROM USER_COMMIT WHERE COMMIT_ID=1015822
DELETE FROM USER_COMMIT WHERE COMMIT_ID=1015821
DELETE FROM USER_COMMIT WHERE COMMIT_ID=1015820
DELETE FROM USER_COMMIT WHERE COMMIT_ID=1015819
DELETE FROM USER_COMMIT WHERE COMMIT_ID=1015818
DELETE FROM USER_COMMIT WHERE COMMIT_ID=1015817
DELETE FROM USER_COMMIT WHERE COMMIT_ID=1015816
DELETE FROM USER_COMMIT WHERE COMMIT_ID=1015815
DELETE FROM USER_COMMIT WHERE COMMIT_ID=1015814
DELETE FROM USER_COMMIT WHERE COMMIT_ID=1015813
DELETE FROM USER_COMMIT WHERE COMMIT_ID=1015812
DELETE FROM USER_COMMIT WHERE COMMIT_ID=1015811
DELETE FROM USER_COMMIT WHERE COMMIT_ID=1015810
DELETE FROM USER_COMMIT WHERE COMMIT_ID=1015809
INSERT INTO USER_COMMIT VALUES(1015809,622593,'2009-07-29 16:33:34.296000000','Thu 30/07/2009 9:33:34.20 Fixing issue ONE-1',1310722,'121',FALSE)
INSERT INTO USER_COMMIT VALUES(1015810,622593,'2009-07-29 16:33:34.296000000','Thu 30/07/2009 9:33:34.20 Fixing issue ONE-1',1310723,'56',FALSE)
INSERT INTO USER_COMMIT VALUES(1015811,622593,'2009-07-29 16:33:34.296000000','Thu 30/07/2009 9:33:34.20 Fixing issue ONE-1',1310724,'122',FALSE)
INSERT INTO USER_COMMIT VALUES(1015812,622593,'2009-07-29 16:33:57.296000000','Thu 30/07/2009 9:33:57.20 Fixing issue ONE-1',1310725,'57',FALSE)
INSERT INTO USER_COMMIT VALUES(1015813,622593,'2009-07-29 16:33:34.296000000','Thu 30/07/2009 9:33:34.20 Fixing issue ONE-1',1310726,'123',FALSE)
INSERT INTO USER_COMMIT VALUES(1015814,622593,'2009-07-29 16:34:20.281000000','Thu 30/07/2009 9:34:20.20 Fixing issue ONE-1',1310727,'58',FALSE)
INSERT INTO USER_COMMIT VALUES(1015815,622593,'2009-07-29 16:33:34.296000000','Thu 30/07/2009 9:33:34.20 Fixing issue ONE-1',1310728,'124',FALSE)
INSERT INTO USER_COMMIT VALUES(1015816,622593,'2009-07-29 16:34:43.296000000','Thu 30/07/2009 9:34:43.20 Fixing issue TWO-1',1310729,'59',FALSE)
INSERT INTO USER_COMMIT VALUES(1015817,622593,'2009-07-29 16:33:34.296000000','Thu 30/07/2009 9:33:34.20 Fixing issue ONE-1',1310730,'125',FALSE)
INSERT INTO USER_COMMIT VALUES(1015818,622593,'2009-07-29 16:35:06.296000000','Thu 30/07/2009 9:35:06.20 Fixing issue THREE-5',1310731,'60',FALSE)
INSERT INTO USER_COMMIT VALUES(1015819,622593,'2009-07-29 16:33:34.296000000','Thu 30/07/2009 9:33:34.20 Fixing issue ONE-1',1310732,'126',FALSE)
INSERT INTO USER_COMMIT VALUES(1015820,622593,'2009-07-29 16:35:29.296000000','Thu 30/07/2009 9:35:29.20 Fixing issue THREE-6',1310733,'61',FALSE)
INSERT INTO USER_COMMIT VALUES(1015821,622593,'2009-07-29 16:35:52.296000000','Thu 30/07/2009 9:35:52.20 Fixing issue THREE-7',1310734,'62',FALSE)
INSERT INTO USER_COMMIT VALUES(1015822,622593,'2009-07-29 16:36:15.296000000','Thu 30/07/2009 9:36:15.20 Fixing issue THREE-8',1310735,'63',FALSE)
INSERT INTO USER_COMMIT VALUES(1015823,622593,'2009-07-29 16:36:38.281000000','Thu 30/07/2009 9:36:38.20 Fixing issue THREE-9',1310736,'64',FALSE)
INSERT INTO USER_COMMIT VALUES(1015824,622593,'2009-07-29 16:37:01.296000000','Thu 30/07/2009 9:37:01.20 Fixing issue THREE-10',1310737,'65',FALSE)
INSERT INTO USER_COMMIT VALUES(1015825,622593,'2009-07-29 16:37:24.296000000','Thu 30/07/2009 9:37:24.20 Fixing issue TWO-1',1310738,'66',FALSE)
INSERT INTO USER_COMMIT VALUES(1015826,622593,'2009-07-29 16:37:47.296000000','Thu 30/07/2009 9:37:47.20 Fixing issue TWO-1',1310739,'67',FALSE)
INSERT INTO USER_COMMIT VALUES(1015827,622593,'2009-07-29 16:38:10.296000000','Thu 30/07/2009 9:38:10.20 Fixing issue THREE-3',1310740,'68',FALSE)
INSERT INTO USER_COMMIT VALUES(1015828,622593,'2009-07-29 16:38:33.296000000','Thu 30/07/2009 9:38:33.20 Fixing issue THREE-4',1310741,'69',FALSE)
INSERT INTO USER_COMMIT VALUES(1015829,622593,'2009-07-29 16:38:56.281000000','Thu 30/07/2009 9:38:56.18 Fixing issue THREE-5',1310742,'70',FALSE)
INSERT INTO USER_COMMIT VALUES(1015830,622593,'2009-07-29 16:39:19.312000000','Thu 30/07/2009 9:39:19.20 Fixing issue THREE-6',1310743,'71',FALSE)
INSERT INTO USER_COMMIT VALUES(1015831,622593,'2009-07-29 16:39:42.406000000','Thu 30/07/2009 9:39:42.20 Fixing issue THREE-7',1310744,'72',FALSE)
INSERT INTO USER_COMMIT VALUES(1015832,622593,'2009-07-29 16:40:05.296000000','Thu 30/07/2009 9:40:05.20 Fixing issue THREE-8',1310745,'73',FALSE)
INSERT INTO USER_COMMIT VALUES(1015833,622593,'2009-07-29 16:40:28.312000000','Thu 30/07/2009 9:40:28.20 Fixing issue THREE-9',1310746,'74',FALSE)
INSERT INTO USER_COMMIT VALUES(1015834,622593,'2009-07-29 16:40:51.296000000','Thu 30/07/2009 9:40:51.20 Fixing issue THREE-10',1310747,'75',FALSE)
INSERT INTO USER_COMMIT VALUES(1015835,622593,'2009-07-29 16:41:14.296000000','Thu 30/07/2009 9:41:14.20 Fixing issue THREE-11',1310748,'76',FALSE)
INSERT INTO USER_COMMIT VALUES(1015836,622593,'2009-07-29 16:41:37.296000000','Thu 30/07/2009 9:41:37.20 Fixing issue THREE-12',1310749,'77',FALSE)
INSERT INTO USER_COMMIT VALUES(1015837,622593,'2009-07-29 16:42:00.296000000','Thu 30/07/2009 9:42:00.20 Fixing issue THREE-13',1310750,'78',FALSE)
INSERT INTO USER_COMMIT VALUES(1015838,622593,'2009-07-29 16:42:23.312000000','Thu 30/07/2009 9:42:23.20 Fixing issue THREE-14',1310751,'79',FALSE)
INSERT INTO USER_COMMIT VALUES(1015839,622593,'2009-07-29 16:42:46.296000000','Thu 30/07/2009 9:42:46.20 Fixing issue THREE-15',1310752,'80',FALSE)
INSERT INTO USER_COMMIT VALUES(1015840,622593,'2009-07-29 16:43:09.296000000','Thu 30/07/2009 9:43:09.20 Fixing issue THREE-16',1310753,'81',FALSE)
INSERT INTO USER_COMMIT VALUES(1015841,622593,'2009-07-29 16:43:32.296000000','Thu 30/07/2009 9:43:32.20 Fixing issue THREE-17',1310754,'82',FALSE)
INSERT INTO USER_COMMIT VALUES(1015842,622593,'2009-07-29 16:43:55.312000000','Thu 30/07/2009 9:43:55.20 Fixing issue THREE-18',1310755,'83',FALSE)
INSERT INTO USER_COMMIT VALUES(1015843,622593,'2009-07-29 16:44:18.296000000','Thu 30/07/2009 9:44:18.20 Fixing issue THREE-19',1310756,'84',FALSE)
INSERT INTO USER_COMMIT VALUES(1015844,622593,'2009-07-29 16:44:41.328000000','Thu 30/07/2009 9:44:41.20 Fixing issue THREE-20',1310757,'85',FALSE)
INSERT INTO USER_COMMIT VALUES(1015845,622593,'2009-07-29 16:45:04.296000000','Thu 30/07/2009 9:45:04.20 Fixing issue THREE-11',1310758,'86',FALSE)
INSERT INTO USER_COMMIT VALUES(1015846,622593,'2009-07-29 16:45:27.296000000','Thu 30/07/2009 9:45:27.20 Fixing issue THREE-12',1310759,'87',FALSE)
INSERT INTO USER_COMMIT VALUES(1015847,622593,'2009-07-29 16:45:50.296000000','Thu 30/07/2009 9:45:50.20 Fixing issue THREE-13',1310760,'88',FALSE)
INSERT INTO USER_COMMIT VALUES(1015848,622593,'2009-07-29 16:46:13.296000000','Thu 30/07/2009 9:46:13.20 Fixing issue THREE-14',1310761,'89',FALSE)
INSERT INTO USER_COMMIT VALUES(1015849,622593,'2009-07-29 16:46:36.296000000','Thu 30/07/2009 9:46:36.20 Fixing issue THREE-15',1310762,'90',FALSE)
INSERT INTO USER_COMMIT VALUES(1015850,622593,'2009-07-29 16:46:59.296000000','Thu 30/07/2009 9:46:59.20 Fixing issue THREE-16',1310763,'91',FALSE)
INSERT INTO USER_COMMIT VALUES(1015851,622593,'2009-07-29 16:47:22.296000000','Thu 30/07/2009 9:47:22.20 Fixing issue THREE-17',1310764,'92',FALSE)
INSERT INTO USER_COMMIT VALUES(1015852,622593,'2009-07-29 16:47:45.281000000','Thu 30/07/2009 9:47:45.20 Fixing issue THREE-18',1310765,'93',FALSE)
INSERT INTO USER_COMMIT VALUES(1015853,622593,'2009-07-29 16:48:08.296000000','Thu 30/07/2009 9:48:08.20 Fixing issue THREE-19',1310766,'94',FALSE)
INSERT INTO USER_COMMIT VALUES(1015854,622593,'2009-07-29 16:48:31.281000000','Thu 30/07/2009 9:48:31.20 Fixing issue THREE-20',1310767,'95',FALSE)
INSERT INTO USER_COMMIT VALUES(1015855,622593,'2009-07-29 16:48:54.296000000','Thu 30/07/2009 9:48:54.20 Fixing issue THREE-21',1310768,'96',FALSE)
INSERT INTO USER_COMMIT VALUES(1015856,622593,'2009-07-29 16:49:17.296000000','Thu 30/07/2009 9:49:17.20 Fixing issue THREE-22',1310769,'97',FALSE)
INSERT INTO USER_COMMIT VALUES(1015857,622593,'2009-07-29 16:49:40.312000000','Thu 30/07/2009 9:49:40.20 Fixing issue THREE-23',1310770,'98',FALSE)
INSERT INTO USER_COMMIT VALUES(1015858,622593,'2009-07-29 16:50:03.406000000','Thu 30/07/2009 9:50:03.20 Fixing issue THREE-24',1310771,'99',FALSE)
INSERT INTO USER_COMMIT VALUES(1015859,622593,'2009-07-29 16:50:26.296000000','Thu 30/07/2009 9:50:26.20 Fixing issue THREE-25',1310772,'100',FALSE)
INSERT INTO USER_COMMIT VALUES(1015860,622593,'2009-07-29 16:50:49.296000000','Thu 30/07/2009 9:50:49.20 Fixing issue THREE-26',1310773,'101',FALSE)
INSERT INTO USER_COMMIT VALUES(1015861,622593,'2009-07-29 16:51:12.296000000','Thu 30/07/2009 9:51:12.20 Fixing issue THREE-27',1310774,'102',FALSE)
INSERT INTO USER_COMMIT VALUES(1015862,622593,'2009-07-29 16:51:35.296000000','Thu 30/07/2009 9:51:35.20 Fixing issue THREE-28',1310775,'103',FALSE)
INSERT INTO USER_COMMIT VALUES(1015863,622593,'2009-07-29 16:51:58.312000000','Thu 30/07/2009 9:51:58.20 Fixing issue THREE-29',1310776,'104',FALSE)
INSERT INTO USER_COMMIT VALUES(1015864,622593,'2009-07-29 16:52:21.296000000','Thu 30/07/2009 9:52:21.20 Fixing issue THREE-30',1310777,'105',FALSE)
INSERT INTO USER_COMMIT VALUES(1015865,622593,'2009-07-29 16:52:44.296000000','Thu 30/07/2009 9:52:44.20 Fixing issue THREE-21',1310778,'106',FALSE)
INSERT INTO USER_COMMIT VALUES(1015866,622593,'2009-07-29 16:53:07.296000000','Thu 30/07/2009 9:53:07.20 Fixing issue THREE-22',1310779,'107',FALSE)
INSERT INTO USER_COMMIT VALUES(1015867,622593,'2009-07-29 16:53:30.296000000','Thu 30/07/2009 9:53:30.20 Fixing issue THREE-23',1310780,'108',FALSE)
INSERT INTO USER_COMMIT VALUES(1015868,622593,'2009-07-29 16:53:53.296000000','Thu 30/07/2009 9:53:53.20 Fixing issue THREE-24',1310781,'109',FALSE)
INSERT INTO USER_COMMIT VALUES(1015869,622593,'2009-07-29 16:54:16.296000000','Thu 30/07/2009 9:54:16.20 Fixing issue THREE-25',1310782,'110',FALSE)
INSERT INTO USER_COMMIT VALUES(1015870,622593,'2009-07-29 16:54:39.328000000','Thu 30/07/2009 9:54:39.20 Fixing issue THREE-26',1310783,'111',FALSE)
COMMIT
SET AUTOCOMMIT TRUE
SET AUTOCOMMIT FALSE
alter table VARIABLE_CONTEXT alter column VARIABLE_VALUE varchar(4000)
SET AUTOCOMMIT TRUE
SET AUTOCOMMIT FALSE
SET AUTOCOMMIT TRUE
SET AUTOCOMMIT FALSE
SET AUTOCOMMIT TRUE
SET AUTOCOMMIT FALSE
SET AUTOCOMMIT TRUE
SET AUTOCOMMIT FALSE
SET AUTOCOMMIT TRUE
SET AUTOCOMMIT FALSE
SET AUTOCOMMIT TRUE
SET AUTOCOMMIT FALSE
SET AUTOCOMMIT TRUE
SET AUTOCOMMIT FALSE
DELETE FROM DEPLOYMENT_VERSION WHERE DEPLOYMENT_VERSION_ID=1802243
DELETE FROM DEPLOYMENT_VERSION WHERE DEPLOYMENT_VERSION_ID=1802242
DELETE FROM DEPLOYMENT_VERSION WHERE DEPLOYMENT_VERSION_ID=1802241
INSERT INTO DEPLOYMENT_VERSION VALUES(1802241,'release-1','2013-08-09 12:06:10.384000000','admin',1605633,NULL,'master')
INSERT INTO DEPLOYMENT_VERSION VALUES(1802242,'release-2','2013-08-09 12:06:57.785000000','admin',1605633,NULL,'master')
INSERT INTO DEPLOYMENT_VERSION VALUES(1802243,'release-3','2013-08-09 12:07:21.937000000','admin',1605633,NULL,'master')
DELETE FROM DEPLOYMENT_VERSION WHERE DEPLOYMENT_VERSION_ID=1802243
DELETE FROM DEPLOYMENT_VERSION WHERE DEPLOYMENT_VERSION_ID=1802242
DELETE FROM DEPLOYMENT_VERSION WHERE DEPLOYMENT_VERSION_ID=1802241
INSERT INTO DEPLOYMENT_VERSION VALUES(1802241,'release-1','2013-08-09 12:06:10.384000000','admin',1605633,NULL,'master')
INSERT INTO DEPLOYMENT_VERSION VALUES(1802242,'release-2','2013-08-09 12:06:57.785000000','admin',1605633,NULL,'master')
INSERT INTO DEPLOYMENT_VERSION VALUES(1802243,'release-3','2013-08-09 12:07:21.937000000','admin',1605633,NULL,'master')
COMMIT
SET AUTOCOMMIT TRUE
SET AUTOCOMMIT FALSE
SET AUTOCOMMIT TRUE
SET AUTOCOMMIT FALSE
SET AUTOCOMMIT TRUE
SET AUTOCOMMIT FALSE
/*C35*/SET SCHEMA PUBLIC
CONNECT USER SA
SET AUTOCOMMIT FALSE
/*C33*/SET AUTOCOMMIT TRUE
/*C35*/SET AUTOCOMMIT TRUE
SET AUTOCOMMIT FALSE
SET AUTOCOMMIT TRUE
/*C33*/SET AUTOCOMMIT FALSE
SET AUTOCOMMIT TRUE
SET AUTOCOMMIT FALSE
SET AUTOCOMMIT TRUE
SET AUTOCOMMIT FALSE
SET AUTOCOMMIT TRUE
SET AUTOCOMMIT FALSE
SET AUTOCOMMIT TRUE
SET AUTOCOMMIT FALSE
DELETE FROM ELASTIC_IMAGE WHERE ELASTIC_IMAGE_ID=1343489
INSERT INTO ELASTIC_IMAGE VALUES(1343489,'Default Image S3 x86_64 (linux)','Default Elastic Image Configuration shipped with Bamboo','ami-59e8f230',NULL,'M1_LARGE',NULL,TRUE,1376257,FALSE,'Linux/UNIX','US_EAST_1','S3','x86_64','linux',NULL,NULL,'Amazon Linux')
DELETE FROM CAPABILITY_SET WHERE CAPABILITY_SET_ID=1376257
INSERT INTO CAPABILITY_SET VALUES(1376257,'IMAGE','AGENT')
DELETE FROM CAPABILITY WHERE CAPABILITY_ID=1409027
INSERT INTO CAPABILITY VALUES(1409027,'system.builder.ant.Ant','/opt/ant-1.8',1376257)
DELETE FROM CAPABILITY WHERE CAPABILITY_ID=1409029
INSERT INTO CAPABILITY VALUES(1409029,'system.builder.command.Bash','/bin/bash',1376257)
DELETE FROM CAPABILITY WHERE CAPABILITY_ID=1409028
INSERT INTO CAPABILITY VALUES(1409028,'system.builder.grailsBuilder.Grails 1.2.2','/opt/grails-1.2',1376257)
DELETE FROM CAPABILITY WHERE CAPABILITY_ID=1409037
INSERT INTO CAPABILITY VALUES(1409037,'system.builder.grailsBuilder.Grails 1.3.1','/opt/grails-1.3',1376257)
DELETE FROM CAPABILITY WHERE CAPABILITY_ID=1409036
INSERT INTO CAPABILITY VALUES(1409036,'system.builder.maven.Maven 1','/opt/maven-1.0.2',1376257)
DELETE FROM CAPABILITY WHERE CAPABILITY_ID=1409034
INSERT INTO CAPABILITY VALUES(1409034,'system.builder.mvn2.Maven 2','/opt/maven-2.0',1376257)
DELETE FROM CAPABILITY WHERE CAPABILITY_ID=1409031
INSERT INTO CAPABILITY VALUES(1409031,'system.builder.mvn2.Maven 2.1','/opt/maven-2.1',1376257)
DELETE FROM CAPABILITY WHERE CAPABILITY_ID=1409039
INSERT INTO CAPABILITY VALUES(1409039,'system.builder.mvn2.Maven 2.2','/opt/maven-2.2',1376257)
DELETE FROM CAPABILITY WHERE CAPABILITY_ID=1409025
INSERT INTO CAPABILITY VALUES(1409025,'system.builder.mvn3.Maven 3.0.2','/opt/apache-maven-3.0.4',1376257)
DELETE FROM CAPABILITY WHERE CAPABILITY_ID=1409032
INSERT INTO CAPABILITY VALUES(1409032,'system.builder.script.Script','',1376257)
DELETE FROM CAPABILITY WHERE CAPABILITY_ID=1409038
INSERT INTO CAPABILITY VALUES(1409038,'system.git.executable','/usr/bin/git',1376257)
DELETE FROM CAPABILITY WHERE CAPABILITY_ID=1409035
INSERT INTO CAPABILITY VALUES(1409035,'system.hg.executable','/usr/bin/hg',1376257)
DELETE FROM CAPABILITY WHERE CAPABILITY_ID=1409030
INSERT INTO CAPABILITY VALUES(1409030,'system.jdk.JDK','/opt/jdk-5',1376257)
DELETE FROM CAPABILITY WHERE CAPABILITY_ID=1409033
INSERT INTO CAPABILITY VALUES(1409033,'system.jdk.JDK 1.5','/opt/jdk-5',1376257)
DELETE FROM CAPABILITY WHERE CAPABILITY_ID=1409026
INSERT INTO CAPABILITY VALUES(1409026,'system.jdk.JDK 1.6','/opt/jdk-6',1376257)
COMMIT
SET AUTOCOMMIT TRUE
SET AUTOCOMMIT FALSE
SET AUTOCOMMIT TRUE
SET AUTOCOMMIT FALSE
SET AUTOCOMMIT TRUE
SET AUTOCOMMIT FALSE
DELETE FROM ELASTIC_IMAGE WHERE ELASTIC_IMAGE_ID=229377
INSERT INTO ELASTIC_IMAGE VALUES(229377,'Default S3 i386','Default Elastic Image Configuration shipped with Bamboo','ami-47e8f22e',NULL,'C1_MEDIUM',NULL,TRUE,65537,FALSE,'Linux/UNIX','US_EAST_1','S3','i386','linux',NULL,NULL,'Amazon Linux')
DELETE FROM CAPABILITY_SET WHERE CAPABILITY_SET_ID=65537
INSERT INTO CAPABILITY_SET VALUES(65537,'IMAGE','AGENT')
DELETE FROM CAPABILITY WHERE CAPABILITY_ID=98309
INSERT INTO CAPABILITY VALUES(98309,'system.builder.ant.Ant','/opt/ant-1.8',65537)
DELETE FROM CAPABILITY WHERE CAPABILITY_ID=98310
INSERT INTO CAPABILITY VALUES(98310,'system.builder.maven.Maven 1','/opt/maven-1.0.2',65537)
DELETE FROM CAPABILITY WHERE CAPABILITY_ID=98307
INSERT INTO CAPABILITY VALUES(98307,'system.builder.mvn2.Maven 2','/opt/maven-2.0',65537)
DELETE FROM CAPABILITY WHERE CAPABILITY_ID=1507329
INSERT INTO CAPABILITY VALUES(1507329,'system.git.executable','/usr/bin/git',65537)
DELETE FROM CAPABILITY WHERE CAPABILITY_ID=98311
INSERT INTO CAPABILITY VALUES(98311,'system.jdk.JDK','/opt/jdk-5',65537)
DELETE FROM CAPABILITY WHERE CAPABILITY_ID=98306
INSERT INTO CAPABILITY VALUES(98306,'system.jdk.JDK 1.5','/opt/jdk-5',65537)
DELETE FROM CAPABILITY WHERE CAPABILITY_ID=98308
INSERT INTO CAPABILITY VALUES(98308,'system.jdk.JDK 1.6','/opt/jdk-6',65537)
COMMIT
SET AUTOCOMMIT TRUE
SET AUTOCOMMIT FALSE
SET AUTOCOMMIT TRUE
SET AUTOCOMMIT FALSE
/*C35*/SET AUTOCOMMIT FALSE
DELETE FROM HIBERNATE_UNIQUE_KEY WHERE NEXT_HI=69
INSERT INTO HIBERNATE_UNIQUE_KEY VALUES(70)
COMMIT
SET AUTOCOMMIT TRUE
SET AUTOCOMMIT FALSE
DELETE FROM HIBERNATE_UNIQUE_KEY WHERE NEXT_HI=70
INSERT INTO HIBERNATE_UNIQUE_KEY VALUES(71)
COMMIT
SET AUTOCOMMIT TRUE
SET AUTOCOMMIT FALSE
DELETE FROM HIBERNATE_UNIQUE_KEY WHERE NEXT_HI=71
INSERT INTO HIBERNATE_UNIQUE_KEY VALUES(72)
COMMIT
SET AUTOCOMMIT TRUE
/*C33*/INSERT INTO CAPABILITY_SET VALUES(2293761,'IMAGE','AGENT')
INSERT INTO CAPABILITY VALUES(2326529,'system.builder.mvn2.Maven 2.2','c:\opt\maven-2.2',2293761)
INSERT INTO CAPABILITY VALUES(2326530,'system.hg.executable','c:\Program Files\TortoiseHg\hg.exe',2293761)
INSERT INTO CAPABILITY VALUES(2326531,'system.git.executable','c:\Program Files (x86)\Git\bin\git.exe',2293761)
INSERT INTO CAPABILITY VALUES(2326532,'system.builder.ant.Ant','c:\opt\ant-1.8',2293761)
INSERT INTO CAPABILITY VALUES(2326533,'system.builder.msbuild.MSBuild v4.0 (64bit)','C:\Windows\Microsoft.NET\Framework64\v4.0.30319\MSBuild.exe',2293761)
INSERT INTO CAPABILITY VALUES(2326534,'system.jdk.JDK 1.7','c:\Program Files\Java\jdk1.7.0',2293761)
INSERT INTO CAPABILITY VALUES(2326535,'system.builder.mvn2.Maven 2.1','c:\opt\maven-2.1',2293761)
INSERT INTO CAPABILITY VALUES(2326536,'system.builder.msbuild.MSBuild v2.0 (64bit)','C:\Windows\Microsoft.NET\Framework64\v2.0.50727\MSBuild.exe',2293761)
INSERT INTO CAPABILITY VALUES(2326537,'system.builder.msbuild.MSBuild v4.0 (32bit)','C:\Windows\Microsoft.NET\Framework\v4.0.30319\MSBuild.exe',2293761)
INSERT INTO CAPABILITY VALUES(2326538,'system.builder.mvn2.Maven 2.0','c:\opt\maven-2.0',2293761)
INSERT INTO CAPABILITY VALUES(2326539,'system.builder.msbuild.MSBuild v2.0 (32bit)','C:\Windows\Microsoft.NET\Framework\v2.0.50727\MSBuild.exe',2293761)
INSERT INTO CAPABILITY VALUES(2326540,'system.builder.nant.Nant','c:\opt\nant-0.91',2293761)
INSERT INTO CAPABILITY VALUES(2326541,'system.builder.mvn3.Maven 3.0','c:\opt\maven-3.0',2293761)
INSERT INTO CAPABILITY VALUES(2326542,'system.builder.msbuild.MSBuild v3.5 (64bit)','C:\Windows\Microsoft.NET\Framework64\v3.5\MSBuild.exe',2293761)
INSERT INTO CAPABILITY VALUES(2326543,'system.builder.msbuild.MSBuild v3.5 (32bit)','C:\Windows\Microsoft.NET\Framework\v3.5\MSBuild.exe',2293761)
INSERT INTO CAPABILITY VALUES(2326544,'system.jdk.JDK 1.6','c:\Program Files\Java\jdk1.6.0',2293761)
INSERT INTO ELASTIC_IMAGE VALUES(2260993,'EBS x86_64 (windows)','Default Elastic Image Configuration shipped with Bamboo','ami-976edafe',NULL,'M1_LARGE',NULL,TRUE,2293761,FALSE,'Windows','US_EAST_1','EBS','x86_64','windows',NULL,'3.0','Windows')
COMMIT
SET AUTOCOMMIT TRUE
SET AUTOCOMMIT FALSE
SET AUTOCOMMIT TRUE
SET AUTOCOMMIT FALSE
INSERT INTO CAPABILITY_SET VALUES(2293762,'IMAGE','AGENT')
INSERT INTO CAPABILITY VALUES(2326545,'system.builder.node.Node.js 0.10','/opt/node-0.10/bin/node',2293762)
INSERT INTO CAPABILITY VALUES(2326546,'system.builder.grailsBuilder.Grails 1.3','/opt/grails-1.3',2293762)
INSERT INTO CAPABILITY VALUES(2326547,'system.builder.mvn3.Maven 3.0','/opt/maven-3.0',2293762)
INSERT INTO CAPABILITY VALUES(2326548,'system.jdk.JDK 1.7','/opt/jdk-7',2293762)
INSERT INTO CAPABILITY VALUES(2326549,'system.builder.phpunit.PHPUnit 3.7','/usr/bin/phpunit-3.7',2293762)
INSERT INTO CAPABILITY VALUES(2326550,'system.builder.mvn2.Maven 2.0','/opt/maven-2.0',2293762)
INSERT INTO CAPABILITY VALUES(2326551,'system.jdk.JDK 1.6','/opt/jdk-6',2293762)
INSERT INTO CAPABILITY VALUES(2326552,'system.builder.ant.Ant 1.9','/opt/ant-1.9',2293762)
INSERT INTO CAPABILITY VALUES(2326553,'system.builder.grailsBuilder.Grails 2.1','/opt/grails-2.1',2293762)
INSERT INTO CAPABILITY VALUES(2326554,'system.builder.mvn3.Maven 3.2','/opt/maven-3.2',2293762)
INSERT INTO CAPABILITY VALUES(2326555,'system.builder.mvn2.Maven 2.1','/opt/maven-2.1',2293762)
INSERT INTO CAPABILITY VALUES(2326556,'system.jdk.JDK 1.5','/opt/jdk-5',2293762)
INSERT INTO CAPABILITY VALUES(2326557,'system.builder.grailsBuilder.Grails 1.2','/opt/grails-1.2',2293762)
INSERT INTO CAPABILITY VALUES(2326558,'system.builder.grailsBuilder.Grails 2.3','/opt/grails-2.3',2293762)
INSERT INTO CAPABILITY VALUES(2326559,'system.builder.mvn3.Maven 3.1','/opt/maven-3.1',2293762)
INSERT INTO CAPABILITY VALUES(2326560,'system.builder.mvn2.Maven 2','/opt/maven-2.2',2293762)
INSERT INTO CAPABILITY VALUES(2326561,'system.builder.grailsBuilder.Grails 2.0','/opt/grails-2.0',2293762)
INSERT INTO CAPABILITY VALUES(2326562,'system.builder.grailsBuilder.Grails 2.2','/opt/grails-2.2',2293762)
INSERT INTO CAPABILITY VALUES(2326563,'system.hg.executable','/usr/bin/hg',2293762)
INSERT INTO CAPABILITY VALUES(2326564,'system.git.executable','/usr/bin/git',2293762)
INSERT INTO CAPABILITY VALUES(2326565,'system.builder.mvn2.Maven 2.2','/opt/maven-2.2',2293762)
INSERT INTO CAPABILITY VALUES(2326566,'system.builder.phpunit.PHPUnit 3.4','/usr/bin/phpunit-3.4',2293762)
INSERT INTO CAPABILITY VALUES(2326567,'system.builder.ant.Ant 1.8','/opt/ant-1.8',2293762)
INSERT INTO ELASTIC_IMAGE VALUES(2260994,'EBS x86_64 (linux)','Default Elastic Image Configuration shipped with Bamboo','ami-5be8f232',NULL,'M1_LARGE',NULL,TRUE,2293762,FALSE,'Linux/UNIX','US_EAST_1','EBS','x86_64','linux',NULL,'3.0','Ubuntu')
COMMIT
SET AUTOCOMMIT TRUE
SET AUTOCOMMIT FALSE
SET AUTOCOMMIT TRUE
SET AUTOCOMMIT FALSE
SET AUTOCOMMIT TRUE
SET AUTOCOMMIT FALSE
DELETE FROM ELASTIC_IMAGE WHERE ELASTIC_IMAGE_ID=1343490
INSERT INTO ELASTIC_IMAGE VALUES(1343490,'Default Image EBS x86_64 (linux)','Default Elastic Image Configuration shipped with Bamboo','ami-25f7ed4c',NULL,'M1_LARGE',NULL,TRUE,1376258,FALSE,'Linux/UNIX','US_EAST_1','EBS','x86_64','linux',NULL,NULL,'Amazon Linux')
DELETE FROM CAPABILITY_SET WHERE CAPABILITY_SET_ID=1376258
INSERT INTO CAPABILITY_SET VALUES(1376258,'IMAGE','AGENT')
DELETE FROM CAPABILITY WHERE CAPABILITY_ID=1409042
INSERT INTO CAPABILITY VALUES(1409042,'system.builder.ant.Ant','/opt/ant-1.8',1376258)
DELETE FROM CAPABILITY WHERE CAPABILITY_ID=1409044
INSERT INTO CAPABILITY VALUES(1409044,'system.builder.command.Bash','/bin/bash',1376258)
DELETE FROM CAPABILITY WHERE CAPABILITY_ID=1409043
INSERT INTO CAPABILITY VALUES(1409043,'system.builder.grailsBuilder.Grails 1.2.2','/opt/grails-1.2',1376258)
DELETE FROM CAPABILITY WHERE CAPABILITY_ID=1409052
INSERT INTO CAPABILITY VALUES(1409052,'system.builder.grailsBuilder.Grails 1.3.1','/opt/grails-1.3',1376258)
DELETE FROM CAPABILITY WHERE CAPABILITY_ID=1409051
INSERT INTO CAPABILITY VALUES(1409051,'system.builder.maven.Maven 1','/opt/maven-1.0.2',1376258)
DELETE FROM CAPABILITY WHERE CAPABILITY_ID=1409049
INSERT INTO CAPABILITY VALUES(1409049,'system.builder.mvn2.Maven 2','/opt/maven-2.0',1376258)
DELETE FROM CAPABILITY WHERE CAPABILITY_ID=1409046
INSERT INTO CAPABILITY VALUES(1409046,'system.builder.mvn2.Maven 2.1','/opt/maven-2.1',1376258)
DELETE FROM CAPABILITY WHERE CAPABILITY_ID=1409054
INSERT INTO CAPABILITY VALUES(1409054,'system.builder.mvn2.Maven 2.2','/opt/maven-2.2',1376258)
DELETE FROM CAPABILITY WHERE CAPABILITY_ID=1409040
INSERT INTO CAPABILITY VALUES(1409040,'system.builder.mvn3.Maven 3.0.2','/opt/apache-maven-3.0.4',1376258)
DELETE FROM CAPABILITY WHERE CAPABILITY_ID=1409047
INSERT INTO CAPABILITY VALUES(1409047,'system.builder.script.Script','',1376258)
DELETE FROM CAPABILITY WHERE CAPABILITY_ID=1409053
INSERT INTO CAPABILITY VALUES(1409053,'system.git.executable','/usr/bin/git',1376258)
DELETE FROM CAPABILITY WHERE CAPABILITY_ID=1409050
INSERT INTO CAPABILITY VALUES(1409050,'system.hg.executable','/usr/bin/hg',1376258)
DELETE FROM CAPABILITY WHERE CAPABILITY_ID=1409045
INSERT INTO CAPABILITY VALUES(1409045,'system.jdk.JDK','/opt/jdk-5',1376258)
DELETE FROM CAPABILITY WHERE CAPABILITY_ID=1409048
INSERT INTO CAPABILITY VALUES(1409048,'system.jdk.JDK 1.5','/opt/jdk-5',1376258)
DELETE FROM CAPABILITY WHERE CAPABILITY_ID=1409041
INSERT INTO CAPABILITY VALUES(1409041,'system.jdk.JDK 1.6','/opt/jdk-6',1376258)
COMMIT
SET AUTOCOMMIT TRUE
SET AUTOCOMMIT FALSE
SET AUTOCOMMIT TRUE
SET AUTOCOMMIT FALSE
SET AUTOCOMMIT TRUE
SET AUTOCOMMIT FALSE
DELETE FROM ELASTIC_IMAGE WHERE ELASTIC_IMAGE_ID=1343492
INSERT INTO ELASTIC_IMAGE VALUES(1343492,'Default Image EBS i386 (linux)','Default Elastic Image Configuration shipped with Bamboo','ami-b9ebf1d0',NULL,'C1_MEDIUM',NULL,TRUE,1376260,FALSE,'Linux/UNIX','US_EAST_1','EBS','i386','linux',NULL,NULL,'Amazon Linux')
DELETE FROM CAPABILITY_SET WHERE CAPABILITY_SET_ID=1376260
INSERT INTO CAPABILITY_SET VALUES(1376260,'IMAGE','AGENT')
DELETE FROM CAPABILITY WHERE CAPABILITY_ID=1409075
INSERT INTO CAPABILITY VALUES(1409075,'system.builder.ant.Ant','/opt/ant-1.8',1376260)
DELETE FROM CAPABILITY WHERE CAPABILITY_ID=1409077
INSERT INTO CAPABILITY VALUES(1409077,'system.builder.command.Bash','/bin/bash',1376260)
DELETE FROM CAPABILITY WHERE CAPABILITY_ID=1409076
INSERT INTO CAPABILITY VALUES(1409076,'system.builder.grailsBuilder.Grails 1.2.2','/opt/grails-1.2',1376260)
DELETE FROM CAPABILITY WHERE CAPABILITY_ID=1409085
INSERT INTO CAPABILITY VALUES(1409085,'system.builder.grailsBuilder.Grails 1.3.1','/opt/grails-1.3',1376260)
DELETE FROM CAPABILITY WHERE CAPABILITY_ID=1409084
INSERT INTO CAPABILITY VALUES(1409084,'system.builder.maven.Maven 1','/opt/maven-1.0.2',1376260)
DELETE FROM CAPABILITY WHERE CAPABILITY_ID=1409082
INSERT INTO CAPABILITY VALUES(1409082,'system.builder.mvn2.Maven 2','/opt/maven-2.0',1376260)
DELETE FROM CAPABILITY WHERE CAPABILITY_ID=1409079
INSERT INTO CAPABILITY VALUES(1409079,'system.builder.mvn2.Maven 2.1','/opt/maven-2.1',1376260)
DELETE FROM CAPABILITY WHERE CAPABILITY_ID=1409087
INSERT INTO CAPABILITY VALUES(1409087,'system.builder.mvn2.Maven 2.2','/opt/maven-2.2',1376260)
DELETE FROM CAPABILITY WHERE CAPABILITY_ID=1409073
INSERT INTO CAPABILITY VALUES(1409073,'system.builder.mvn3.Maven 3.0.2','/opt/apache-maven-3.0.4',1376260)
DELETE FROM CAPABILITY WHERE CAPABILITY_ID=1409080
INSERT INTO CAPABILITY VALUES(1409080,'system.builder.script.Script','',1376260)
DELETE FROM CAPABILITY WHERE CAPABILITY_ID=1409086
INSERT INTO CAPABILITY VALUES(1409086,'system.git.executable','/usr/bin/git',1376260)
DELETE FROM CAPABILITY WHERE CAPABILITY_ID=1409083
INSERT INTO CAPABILITY VALUES(1409083,'system.hg.executable','/usr/bin/hg',1376260)
DELETE FROM CAPABILITY WHERE CAPABILITY_ID=1409078
INSERT INTO CAPABILITY VALUES(1409078,'system.jdk.JDK','/opt/jdk-5',1376260)
DELETE FROM CAPABILITY WHERE CAPABILITY_ID=1409081
INSERT INTO CAPABILITY VALUES(1409081,'system.jdk.JDK 1.5','/opt/jdk-5',1376260)
DELETE FROM CAPABILITY WHERE CAPABILITY_ID=1409074
INSERT INTO CAPABILITY VALUES(1409074,'system.jdk.JDK 1.6','/opt/jdk-6',1376260)
COMMIT
SET AUTOCOMMIT TRUE
SET AUTOCOMMIT FALSE
SET AUTOCOMMIT TRUE
SET AUTOCOMMIT FALSE
SET AUTOCOMMIT TRUE
SET AUTOCOMMIT FALSE
SET AUTOCOMMIT TRUE
SET AUTOCOMMIT FALSE
SET AUTOCOMMIT TRUE
/*C35*/SET AUTOCOMMIT FALSE
/*C33*/SET AUTOCOMMIT FALSE
/*C36*/SET SCHEMA PUBLIC
CONNECT USER SA
/*C37*/SET SCHEMA PUBLIC
CONNECT USER SA
/*C36*/SET AUTOCOMMIT FALSE
/*C37*/SET AUTOCOMMIT FALSE
SET AUTOCOMMIT TRUE
/*C36*/SET AUTOCOMMIT TRUE
SET AUTOCOMMIT FALSE
/*C37*/SET AUTOCOMMIT FALSE
/*C33*/SET AUTOCOMMIT TRUE
SET AUTOCOMMIT FALSE
/*C37*/SET AUTOCOMMIT TRUE
/*C36*/SET AUTOCOMMIT TRUE
/*C33*/SET AUTOCOMMIT TRUE
/*C35*/SET AUTOCOMMIT TRUE
SET AUTOCOMMIT FALSE
SET AUTOCOMMIT TRUE
SET AUTOCOMMIT FALSE
SET AUTOCOMMIT TRUE
SET AUTOCOMMIT FALSE
SET AUTOCOMMIT TRUE
SET AUTOCOMMIT FALSE
SET AUTOCOMMIT TRUE
SET AUTOCOMMIT FALSE
/*C33*/SET AUTOCOMMIT FALSE
/*C36*/SET AUTOCOMMIT FALSE
SET AUTOCOMMIT TRUE
SET AUTOCOMMIT FALSE
SET AUTOCOMMIT TRUE
SET AUTOCOMMIT FALSE
/*C33*/SET AUTOCOMMIT TRUE
/*C37*/SET AUTOCOMMIT FALSE
/*C36*/SET AUTOCOMMIT TRUE
/*C37*/SET AUTOCOMMIT TRUE
SET AUTOCOMMIT FALSE
/*C36*/SET AUTOCOMMIT FALSE
SET AUTOCOMMIT TRUE
SET AUTOCOMMIT FALSE
SET AUTOCOMMIT TRUE
SET AUTOCOMMIT FALSE
/*C37*/SET AUTOCOMMIT TRUE
/*C33*/SET AUTOCOMMIT FALSE
SET AUTOCOMMIT TRUE
/*C37*/SET AUTOCOMMIT FALSE
/*C36*/SET AUTOCOMMIT TRUE
/*C37*/SET AUTOCOMMIT TRUE
SET AUTOCOMMIT FALSE
SET AUTOCOMMIT TRUE
/*C36*/SET AUTOCOMMIT FALSE
SET AUTOCOMMIT TRUE
SET AUTOCOMMIT FALSE
SET AUTOCOMMIT TRUE
SET AUTOCOMMIT FALSE
SET AUTOCOMMIT TRUE
SET AUTOCOMMIT FALSE
SET AUTOCOMMIT TRUE
/*C37*/SET AUTOCOMMIT FALSE
SET AUTOCOMMIT TRUE
SET AUTOCOMMIT FALSE
SET AUTOCOMMIT TRUE
SET AUTOCOMMIT FALSE
/*C36*/SET AUTOCOMMIT FALSE
/*C37*/SET AUTOCOMMIT TRUE
SET AUTOCOMMIT FALSE
/*C36*/SET AUTOCOMMIT TRUE
/*C33*/SET AUTOCOMMIT FALSE
/*C37*/SET AUTOCOMMIT TRUE
/*C36*/SET AUTOCOMMIT FALSE
/*C33*/SET AUTOCOMMIT TRUE
/*C37*/SET AUTOCOMMIT FALSE
/*C36*/SET AUTOCOMMIT TRUE
/*C37*/SET AUTOCOMMIT TRUE
SET AUTOCOMMIT FALSE
/*C36*/SET AUTOCOMMIT FALSE
SET AUTOCOMMIT TRUE
/*C37*/SET AUTOCOMMIT TRUE
SET AUTOCOMMIT FALSE
SET AUTOCOMMIT TRUE
SET AUTOCOMMIT FALSE
SET AUTOCOMMIT TRUE
SET AUTOCOMMIT FALSE
SET AUTOCOMMIT TRUE
SET AUTOCOMMIT FALSE
SET AUTOCOMMIT TRUE
SET AUTOCOMMIT FALSE
SET AUTOCOMMIT TRUE
SET AUTOCOMMIT FALSE
/*C36*/SET AUTOCOMMIT FALSE
/*C37*/SET AUTOCOMMIT TRUE
/*C36*/SET AUTOCOMMIT TRUE
SET AUTOCOMMIT FALSE
SET AUTOCOMMIT TRUE
SET AUTOCOMMIT FALSE
SET AUTOCOMMIT TRUE
SET AUTOCOMMIT FALSE
SET AUTOCOMMIT TRUE
SET AUTOCOMMIT FALSE
SET AUTOCOMMIT TRUE
/*C37*/SET AUTOCOMMIT FALSE
SET AUTOCOMMIT TRUE
SET AUTOCOMMIT FALSE
SET AUTOCOMMIT TRUE
SET AUTOCOMMIT FALSE
SET AUTOCOMMIT TRUE
SET AUTOCOMMIT FALSE
SET AUTOCOMMIT TRUE
SET AUTOCOMMIT FALSE
SET AUTOCOMMIT TRUE
SET AUTOCOMMIT FALSE
/*C36*/SET AUTOCOMMIT FALSE
/*C33*/SET AUTOCOMMIT FALSE
/*C37*/SET AUTOCOMMIT TRUE
/*C38*/SET SCHEMA PUBLIC
CONNECT USER SA
/*C36*/SET AUTOCOMMIT TRUE
SET AUTOCOMMIT FALSE
/*C37*/SET AUTOCOMMIT FALSE
/*C38*/SET AUTOCOMMIT FALSE
SET AUTOCOMMIT TRUE
SET AUTOCOMMIT FALSE
SET AUTOCOMMIT TRUE
SET AUTOCOMMIT FALSE
/*C37*/DELETE FROM HIBERNATE_UNIQUE_KEY WHERE NEXT_HI=72
INSERT INTO HIBERNATE_UNIQUE_KEY VALUES(73)
/*C36*/SET AUTOCOMMIT TRUE
SET AUTOCOMMIT FALSE
/*C37*/COMMIT
SET AUTOCOMMIT TRUE
/*C33*/SET AUTOCOMMIT TRUE
/*C38*/SET AUTOCOMMIT TRUE
/*C35*/INSERT INTO BANDANA VALUES(2359297,0,'com.atlassian.upm.log.PluginSettingsAuditLogService:log:upm_audit_log_v3','<net.sf.hibernate.collection.Bag>\u000a  <string>{&quot;userKey&quot;:&quot;bamboo&quot;,&quot;date&quot;:1376043317911,&quot;i18nKey&quot;:&quot;upm.auditLog.upm.startup&quot;,&quot;entryType&quot;:&quot;UPM_STARTUP&quot;,&quot;params&quot;:[]}</string>\u000a  <string>{&quot;userKey&quot;:&quot;bamboo&quot;,&quot;date&quot;:1376042546330,&quot;i18nKey&quot;:&quot;upm.auditLog.upm.startup&quot;,&quot;entryType&quot;:&quot;UPM_STARTUP&quot;,&quot;params&quot;:[]}</string>\u000a</net.sf.hibernate.collection.Bag>')
DELETE FROM BANDANA WHERE BANDANA_ID=1474564
INSERT INTO BANDANA VALUES(2359298,0,'com.atlassian.upm.mail.impl.PluginSettingsUserEmailSettingsStore:use78b9c0b572719a68385340a04c056a94','<net.sf.hibernate.collection.Bag/>')
/*C36*/SET AUTOCOMMIT TRUE
SET AUTOCOMMIT FALSE
/*C35*/INSERT INTO BANDANA VALUES(2359299,0,'com.atlassian.upm:notifications:dismissal-plugin.request','<net.sf.hibernate.collection.Bag/>')
/*C36*/SET AUTOCOMMIT TRUE
SET AUTOCOMMIT FALSE
/*C35*/INSERT INTO BANDANA VALUES(2359300,0,'com.atlassian.upm:notifications:dismissal-update','<net.sf.hibernate.collection.Bag/>')
/*C38*/SET AUTOCOMMIT FALSE
SET AUTOCOMMIT TRUE
SET AUTOCOMMIT FALSE
SET AUTOCOMMIT TRUE
SET AUTOCOMMIT FALSE
SET AUTOCOMMIT TRUE
SET AUTOCOMMIT FALSE
SET AUTOCOMMIT TRUE
SET AUTOCOMMIT FALSE
/*C35*/INSERT INTO BANDANA VALUES(2359301,0,'com.atlassian.upm:notifications:dismissal-evaluation.expired','<net.sf.hibernate.collection.Bag/>')
/*C33*/SET AUTOCOMMIT FALSE
SET AUTOCOMMIT TRUE
SET AUTOCOMMIT FALSE
SET AUTOCOMMIT TRUE
SET AUTOCOMMIT FALSE
/*C35*/INSERT INTO BANDANA VALUES(2359302,0,'com.atlassian.upm:notifications:dismissal-evaluation.nearlyexpired','<net.sf.hibernate.collection.Bag/>')
/*C33*/SET AUTOCOMMIT TRUE
SET AUTOCOMMIT FALSE
SET AUTOCOMMIT TRUE
/*C35*/INSERT INTO BANDANA VALUES(2359303,0,'com.atlassian.upm:notifications:dismissal-edition.mismatch','<net.sf.hibernate.collection.Bag/>')
INSERT INTO BANDANA VALUES(2359304,0,'com.atlassian.upm:notifications:dismissal-maintenance.expired','<net.sf.hibernate.collection.Bag/>')
INSERT INTO BANDANA VALUES(2359305,0,'com.atlassian.upm:notifications:dismissal-maintenance.nearlyexpired','<net.sf.hibernate.collection.Bag/>')
INSERT INTO BANDANA VALUES(2359306,0,'com.atlassian.upm:notifications:dismissal-new.licenses','<net.sf.hibernate.collection.Bag/>')
INSERT INTO BANDANA VALUES(2359307,0,'com.atlassian.upm:notifications:dismissal-updated.licenses','<net.sf.hibernate.collection.Bag/>')
INSERT INTO BANDANA VALUES(2359308,0,'com.atlassian.upm:notifications:dismissal-auto.updated.plugin','<net.sf.hibernate.collection.Bag/>')
INSERT INTO BANDANA VALUES(2359309,0,'com.atlassian.upm:notifications:dismissal-auto.updated.upm','<net.sf.hibernate.collection.Bag/>')
INSERT INTO BANDANA VALUES(2359310,0,'com.atlassian.upm.request.PluginSettingsPluginRequestStore:requests:requests_v2','<net.sf.hibernate.collection.Bag/>')
DELETE FROM BANDANA WHERE BANDANA_ID=1474565
INSERT INTO BANDANA VALUES(1474565,0,'com.atlassian.upm.atlassian-universal-plugin-manager-plugin:build','<string>2</string>')
DELETE FROM BANDANA WHERE BANDANA_ID=1474565
INSERT INTO BANDANA VALUES(1474565,0,'com.atlassian.upm.atlassian-universal-plugin-manager-plugin:build','<string>3</string>')
COMMIT
SET AUTOCOMMIT TRUE
SET AUTOCOMMIT FALSE
SET AUTOCOMMIT TRUE
SET AUTOCOMMIT FALSE
SET AUTOCOMMIT TRUE
/*C33*/SET AUTOCOMMIT FALSE
/*C35*/SET AUTOCOMMIT FALSE
/*C37*/SET AUTOCOMMIT FALSE
/*C33*/SET AUTOCOMMIT TRUE
/*C35*/SET AUTOCOMMIT TRUE
/*C37*/SET AUTOCOMMIT TRUE
SET AUTOCOMMIT FALSE
SET AUTOCOMMIT TRUE
SET AUTOCOMMIT FALSE
SET AUTOCOMMIT TRUE
SET AUTOCOMMIT FALSE
SET AUTOCOMMIT TRUE
SET AUTOCOMMIT FALSE
SET AUTOCOMMIT TRUE
SET AUTOCOMMIT FALSE
SET AUTOCOMMIT TRUE
SET AUTOCOMMIT FALSE
SET AUTOCOMMIT TRUE
SET AUTOCOMMIT FALSE
SET AUTOCOMMIT TRUE
SET AUTOCOMMIT FALSE
SET AUTOCOMMIT TRUE
SET AUTOCOMMIT FALSE
SET AUTOCOMMIT TRUE
SET AUTOCOMMIT FALSE
SET AUTOCOMMIT TRUE
SET AUTOCOMMIT FALSE
SET AUTOCOMMIT TRUE
SET AUTOCOMMIT FALSE
SET AUTOCOMMIT TRUE
SET AUTOCOMMIT FALSE
SET AUTOCOMMIT TRUE
SET AUTOCOMMIT FALSE
SET AUTOCOMMIT TRUE
SET AUTOCOMMIT FALSE
SET AUTOCOMMIT TRUE
SET AUTOCOMMIT FALSE
SET AUTOCOMMIT TRUE
SET AUTOCOMMIT FALSE
SET AUTOCOMMIT TRUE
SET AUTOCOMMIT FALSE
SET AUTOCOMMIT TRUE
SET AUTOCOMMIT FALSE
SET AUTOCOMMIT TRUE
SET AUTOCOMMIT FALSE
SET AUTOCOMMIT TRUE
SET AUTOCOMMIT FALSE
SET AUTOCOMMIT TRUE
SET AUTOCOMMIT FALSE
SET AUTOCOMMIT TRUE
SET AUTOCOMMIT FALSE
SET AUTOCOMMIT TRUE
SET AUTOCOMMIT FALSE
SET AUTOCOMMIT TRUE
SET AUTOCOMMIT FALSE
SET AUTOCOMMIT TRUE
SET AUTOCOMMIT FALSE
SET AUTOCOMMIT TRUE
SET AUTOCOMMIT FALSE
SET AUTOCOMMIT TRUE
SET AUTOCOMMIT FALSE
SET AUTOCOMMIT TRUE
SET AUTOCOMMIT FALSE
SET AUTOCOMMIT TRUE
SET AUTOCOMMIT FALSE
SET AUTOCOMMIT TRUE
SET AUTOCOMMIT FALSE
SET AUTOCOMMIT TRUE
SET AUTOCOMMIT FALSE
SET AUTOCOMMIT TRUE
SET AUTOCOMMIT FALSE
SET AUTOCOMMIT TRUE
SET AUTOCOMMIT FALSE
SET AUTOCOMMIT TRUE
SET AUTOCOMMIT FALSE
SET AUTOCOMMIT TRUE
SET AUTOCOMMIT FALSE
SET AUTOCOMMIT TRUE
SET AUTOCOMMIT FALSE
SET AUTOCOMMIT TRUE
SET AUTOCOMMIT FALSE
SET AUTOCOMMIT TRUE
SET AUTOCOMMIT FALSE
SET AUTOCOMMIT TRUE
SET AUTOCOMMIT FALSE
SET AUTOCOMMIT TRUE
SET AUTOCOMMIT FALSE
SET AUTOCOMMIT TRUE
SET AUTOCOMMIT FALSE
SET AUTOCOMMIT TRUE
SET AUTOCOMMIT FALSE
SET AUTOCOMMIT TRUE
SET AUTOCOMMIT FALSE
SET AUTOCOMMIT TRUE
/*C35*/SET AUTOCOMMIT FALSE
SET AUTOCOMMIT TRUE
SET AUTOCOMMIT FALSE
SET AUTOCOMMIT TRUE
SET AUTOCOMMIT FALSE
SET AUTOCOMMIT TRUE
SET AUTOCOMMIT FALSE
SET AUTOCOMMIT TRUE
SET AUTOCOMMIT FALSE
SET AUTOCOMMIT TRUE
SET AUTOCOMMIT FALSE
SET AUTOCOMMIT TRUE
SET AUTOCOMMIT FALSE
SET AUTOCOMMIT TRUE
SET AUTOCOMMIT FALSE
SET AUTOCOMMIT TRUE
SET AUTOCOMMIT FALSE
SET AUTOCOMMIT TRUE
SET AUTOCOMMIT FALSE
SET AUTOCOMMIT TRUE
SET AUTOCOMMIT FALSE
SET AUTOCOMMIT TRUE
SET AUTOCOMMIT FALSE
SET AUTOCOMMIT TRUE
/*C37*/SET AUTOCOMMIT FALSE
SET AUTOCOMMIT TRUE
SET AUTOCOMMIT FALSE
SET AUTOCOMMIT TRUE
SET AUTOCOMMIT FALSE
SET AUTOCOMMIT TRUE
SET AUTOCOMMIT FALSE
SET AUTOCOMMIT TRUE
/*C35*/SET AUTOCOMMIT FALSE
SET AUTOCOMMIT TRUE
SET AUTOCOMMIT FALSE
SET AUTOCOMMIT TRUE
/*C37*/SET AUTOCOMMIT FALSE
SET AUTOCOMMIT TRUE
SET AUTOCOMMIT FALSE
SET AUTOCOMMIT TRUE
SET AUTOCOMMIT FALSE
SET AUTOCOMMIT TRUE
SET AUTOCOMMIT FALSE
SET AUTOCOMMIT TRUE
SET AUTOCOMMIT FALSE
SET AUTOCOMMIT TRUE
SET AUTOCOMMIT FALSE
SET AUTOCOMMIT TRUE
/*C35*/SET AUTOCOMMIT FALSE
SET AUTOCOMMIT TRUE
SET AUTOCOMMIT FALSE
SET AUTOCOMMIT TRUE
/*C37*/SET AUTOCOMMIT FALSE
SET AUTOCOMMIT TRUE
SET AUTOCOMMIT FALSE
SET AUTOCOMMIT TRUE
/*C35*/SET AUTOCOMMIT FALSE
SET AUTOCOMMIT TRUE
SET AUTOCOMMIT FALSE
SET AUTOCOMMIT TRUE
/*C37*/SET AUTOCOMMIT FALSE
SET AUTOCOMMIT TRUE
SET AUTOCOMMIT FALSE
SET AUTOCOMMIT TRUE
/*C35*/SET AUTOCOMMIT FALSE
SET AUTOCOMMIT TRUE
SET AUTOCOMMIT FALSE
SET AUTOCOMMIT TRUE
/*C37*/SET AUTOCOMMIT FALSE
SET AUTOCOMMIT TRUE
SET AUTOCOMMIT FALSE
SET AUTOCOMMIT TRUE
SET AUTOCOMMIT FALSE
SET AUTOCOMMIT TRUE
SET AUTOCOMMIT FALSE
SET AUTOCOMMIT TRUE
/*C35*/SET AUTOCOMMIT FALSE
SET AUTOCOMMIT TRUE
SET AUTOCOMMIT FALSE
SET AUTOCOMMIT TRUE
/*C37*/SET AUTOCOMMIT FALSE
SET AUTOCOMMIT TRUE
SET AUTOCOMMIT FALSE
SET AUTOCOMMIT TRUE
SET AUTOCOMMIT FALSE
SET AUTOCOMMIT TRUE
SET AUTOCOMMIT FALSE
SET AUTOCOMMIT TRUE
/*C35*/SET AUTOCOMMIT FALSE
SET AUTOCOMMIT TRUE
SET AUTOCOMMIT FALSE
SET AUTOCOMMIT TRUE
SET AUTOCOMMIT FALSE
SET AUTOCOMMIT TRUE
SET AUTOCOMMIT FALSE
SET AUTOCOMMIT TRUE
/*C37*/SET AUTOCOMMIT FALSE
SET AUTOCOMMIT TRUE
SET AUTOCOMMIT FALSE
SET AUTOCOMMIT TRUE
/*C35*/SET AUTOCOMMIT FALSE
SET AUTOCOMMIT TRUE
SET AUTOCOMMIT FALSE
SET AUTOCOMMIT TRUE
/*C37*/SET AUTOCOMMIT FALSE
SET AUTOCOMMIT TRUE
SET AUTOCOMMIT FALSE
SET AUTOCOMMIT TRUE
/*C35*/SET AUTOCOMMIT FALSE
SET AUTOCOMMIT TRUE
/*C38*/SET AUTOCOMMIT TRUE
SET AUTOCOMMIT FALSE
SET AUTOCOMMIT TRUE
/*C35*/SET AUTOCOMMIT FALSE
SET AUTOCOMMIT TRUE
SET AUTOCOMMIT FALSE
SET AUTOCOMMIT TRUE
/*C38*/SET AUTOCOMMIT FALSE
/*C35*/SET AUTOCOMMIT FALSE
/*C38*/SET AUTOCOMMIT TRUE
/*C35*/SET AUTOCOMMIT TRUE
SET AUTOCOMMIT FALSE
/*C38*/SET AUTOCOMMIT FALSE
SET AUTOCOMMIT TRUE
SET AUTOCOMMIT FALSE
/*C37*/SET AUTOCOMMIT FALSE
SET AUTOCOMMIT TRUE
/*C33*/SET AUTOCOMMIT FALSE
/*C38*/SET AUTOCOMMIT TRUE
/*C33*/SET AUTOCOMMIT TRUE
SET AUTOCOMMIT FALSE
/*C38*/SET AUTOCOMMIT FALSE
/*C33*/SET AUTOCOMMIT TRUE
/*C37*/SET AUTOCOMMIT FALSE
/*C38*/SET AUTOCOMMIT TRUE
/*C33*/SET AUTOCOMMIT FALSE
/*C37*/SET AUTOCOMMIT TRUE
/*C33*/SET AUTOCOMMIT TRUE
SET AUTOCOMMIT FALSE
SET AUTOCOMMIT TRUE
/*C37*/SET AUTOCOMMIT FALSE
SET AUTOCOMMIT TRUE
SET AUTOCOMMIT FALSE
/*C33*/SET AUTOCOMMIT FALSE
SET AUTOCOMMIT TRUE
/*C38*/SET AUTOCOMMIT FALSE
SET AUTOCOMMIT TRUE
/*C37*/SET AUTOCOMMIT TRUE
/*C38*/SET AUTOCOMMIT FALSE
SET AUTOCOMMIT TRUE
SET AUTOCOMMIT FALSE
SET AUTOCOMMIT TRUE
/*C37*/SET AUTOCOMMIT FALSE
SET AUTOCOMMIT TRUE
/*C36*/SET AUTOCOMMIT TRUE
/*C37*/SET AUTOCOMMIT FALSE
SET AUTOCOMMIT TRUE
/*C38*/SET AUTOCOMMIT FALSE
SET AUTOCOMMIT TRUE
SET AUTOCOMMIT FALSE
SET AUTOCOMMIT TRUE
/*C37*/SET AUTOCOMMIT FALSE
SET AUTOCOMMIT TRUE
/*C35*/SET AUTOCOMMIT TRUE
/*C36*/SET AUTOCOMMIT FALSE
SET AUTOCOMMIT TRUE
/*C35*/SET AUTOCOMMIT FALSE
/*C36*/SET AUTOCOMMIT FALSE
/*C35*/SET AUTOCOMMIT TRUE
SET AUTOCOMMIT FALSE
/*C37*/SET AUTOCOMMIT FALSE
SET AUTOCOMMIT TRUE
SET AUTOCOMMIT FALSE
SET AUTOCOMMIT TRUE
SET AUTOCOMMIT FALSE
SET AUTOCOMMIT TRUE
/*C38*/SET AUTOCOMMIT FALSE
SET AUTOCOMMIT TRUE
/*C35*/SET AUTOCOMMIT TRUE
SET AUTOCOMMIT FALSE
SET AUTOCOMMIT TRUE
/*C38*/SET AUTOCOMMIT FALSE
SET AUTOCOMMIT TRUE
SET AUTOCOMMIT FALSE
SET AUTOCOMMIT TRUE
/*C35*/SET AUTOCOMMIT FALSE
/*C38*/SET AUTOCOMMIT FALSE
SET AUTOCOMMIT TRUE
/*C37*/SET AUTOCOMMIT FALSE
SET AUTOCOMMIT TRUE
/*C35*/SET AUTOCOMMIT TRUE
SET AUTOCOMMIT FALSE
SET AUTOCOMMIT TRUE
/*C37*/SET AUTOCOMMIT FALSE
/*C36*/SET AUTOCOMMIT TRUE
SET AUTOCOMMIT FALSE
/*C37*/SET AUTOCOMMIT TRUE
/*C36*/SET AUTOCOMMIT TRUE
SET AUTOCOMMIT FALSE
/*C37*/SET AUTOCOMMIT FALSE
SET AUTOCOMMIT TRUE
/*C35*/SET AUTOCOMMIT FALSE
SET AUTOCOMMIT TRUE
/*C38*/SET AUTOCOMMIT FALSE
SET AUTOCOMMIT TRUE
SET AUTOCOMMIT FALSE
SET AUTOCOMMIT TRUE
/*C36*/INSERT INTO BANDANA VALUES(2359311,0,'com.atlassian.bamboo.index.buildresult.DefaultBuildResultsIndexer:approximateTimePerResult','<long>26</long>')
COMMIT
SET AUTOCOMMIT TRUE
SET AUTOCOMMIT FALSE
SET AUTOCOMMIT TRUE
SET AUTOCOMMIT FALSE
SET AUTOCOMMIT TRUE
SET AUTOCOMMIT FALSE
SET AUTOCOMMIT TRUE
SET AUTOCOMMIT FALSE
SET AUTOCOMMIT TRUE
SET AUTOCOMMIT FALSE
SET AUTOCOMMIT TRUE
SET AUTOCOMMIT FALSE
SET AUTOCOMMIT TRUE
/*C38*/SET AUTOCOMMIT FALSE
SET AUTOCOMMIT TRUE
SET AUTOCOMMIT FALSE
SET AUTOCOMMIT TRUE
SET AUTOCOMMIT FALSE
SET AUTOCOMMIT TRUE
SET AUTOCOMMIT FALSE
/*C36*/SET AUTOCOMMIT FALSE
/*C38*/SET AUTOCOMMIT TRUE
/*C36*/SET AUTOCOMMIT TRUE
SET AUTOCOMMIT FALSE
SET AUTOCOMMIT TRUE
SET AUTOCOMMIT FALSE
SET AUTOCOMMIT TRUE
SET AUTOCOMMIT FALSE
SET AUTOCOMMIT TRUE
SET AUTOCOMMIT FALSE
/*C38*/SET AUTOCOMMIT FALSE
/*C35*/SET AUTOCOMMIT FALSE
SET AUTOCOMMIT TRUE
SET AUTOCOMMIT FALSE
SET AUTOCOMMIT TRUE
/*C38*/SET AUTOCOMMIT TRUE
SET AUTOCOMMIT FALSE
SET AUTOCOMMIT TRUE
SET AUTOCOMMIT FALSE
SET AUTOCOMMIT TRUE
/*C35*/SET AUTOCOMMIT FALSE
SET AUTOCOMMIT TRUE
SET AUTOCOMMIT FALSE
INSERT INTO BANDANA VALUES(2359312,0,'com.atlassian.bamboo.deployments.versions.index.VersionIndexerImpl:approximateTimePerResult','<long>49</long>')
COMMIT
SET AUTOCOMMIT TRUE
SET AUTOCOMMIT FALSE
SET AUTOCOMMIT TRUE
SET AUTOCOMMIT FALSE
SET AUTOCOMMIT TRUE
SET AUTOCOMMIT FALSE
SET AUTOCOMMIT TRUE
/*C38*/SET AUTOCOMMIT FALSE
SET AUTOCOMMIT TRUE
SET AUTOCOMMIT FALSE
SET AUTOCOMMIT TRUE
/*C35*/SET AUTOCOMMIT FALSE
SET AUTOCOMMIT TRUE
SET AUTOCOMMIT FALSE
INSERT INTO BANDANA VALUES(2359313,0,'com.atlassian.bamboo.index.quicksearch.QuickSearchIndexerImpl:approximateTimePerResult','<long>0</long>')
COMMIT
SET AUTOCOMMIT TRUE
SET AUTOCOMMIT FALSE
SET AUTOCOMMIT TRUE
/*C38*/SET AUTOCOMMIT FALSE
SET AUTOCOMMIT TRUE
SET AUTOCOMMIT FALSE
/*C35*/SET AUTOCOMMIT FALSE
SET AUTOCOMMIT TRUE
/*C38*/SET AUTOCOMMIT TRUE
SET AUTOCOMMIT FALSE
/*C35*/SET AUTOCOMMIT FALSE
/*C38*/SET AUTOCOMMIT TRUE
/*C35*/SET AUTOCOMMIT TRUE
/*C38*/SET AUTOCOMMIT FALSE
SET AUTOCOMMIT TRUE
SET AUTOCOMMIT FALSE
SET AUTOCOMMIT TRUE
SET AUTOCOMMIT FALSE
SET AUTOCOMMIT TRUE
SET AUTOCOMMIT FALSE
SET AUTOCOMMIT TRUE
SET AUTOCOMMIT FALSE
SET AUTOCOMMIT TRUE
SET AUTOCOMMIT FALSE
/*C35*/SET AUTOCOMMIT FALSE
/*C38*/SET AUTOCOMMIT TRUE
/*C35*/SET AUTOCOMMIT TRUE
/*C37*/SET AUTOCOMMIT FALSE
/*C33*/SET AUTOCOMMIT FALSE
/*C37*/SET AUTOCOMMIT TRUE
/*C33*/SET AUTOCOMMIT TRUE
/*C39*/SET SCHEMA PUBLIC
CONNECT USER SA
/*C37*/SET AUTOCOMMIT FALSE
/*C38*/SET AUTOCOMMIT FALSE
SET AUTOCOMMIT TRUE
/*C37*/DELETE FROM BANDANA WHERE BANDANA_ID=2359297
INSERT INTO BANDANA VALUES(2359297,0,'com.atlassian.upm.log.PluginSettingsAuditLogService:log:upm_audit_log_v3','<net.sf.hibernate.collection.Bag>\u000a  <string>{&quot;userKey&quot;:&quot;Bamboo&quot;,&quot;date&quot;:1406536192006,&quot;i18nKey&quot;:&quot;upm.auditLog.upm.startup&quot;,&quot;entryType&quot;:&quot;UPM_STARTUP&quot;,&quot;params&quot;:[]}</string>\u000a</net.sf.hibernate.collection.Bag>')
COMMIT
SET AUTOCOMMIT TRUE
/*C39*/SET AUTOCOMMIT FALSE
SET AUTOCOMMIT TRUE
SET AUTOCOMMIT FALSE
SET AUTOCOMMIT TRUE
SET AUTOCOMMIT FALSE
SET AUTOCOMMIT TRUE
SET AUTOCOMMIT FALSE
SET AUTOCOMMIT TRUE
SET AUTOCOMMIT FALSE
SET AUTOCOMMIT TRUE
SET AUTOCOMMIT FALSE
SET AUTOCOMMIT TRUE
SET AUTOCOMMIT FALSE
DELETE FROM BANDANA WHERE BANDANA_ID=2359302
COMMIT
SET AUTOCOMMIT TRUE
SET AUTOCOMMIT FALSE
SET AUTOCOMMIT TRUE
SET AUTOCOMMIT FALSE
DELETE FROM BANDANA WHERE BANDANA_ID=2359305
COMMIT
SET AUTOCOMMIT TRUE
SET AUTOCOMMIT FALSE
SET AUTOCOMMIT TRUE
SET AUTOCOMMIT FALSE
SET AUTOCOMMIT TRUE
SET AUTOCOMMIT FALSE
SET AUTOCOMMIT TRUE
SET AUTOCOMMIT FALSE
SET AUTOCOMMIT TRUE
SET AUTOCOMMIT FALSE
/*C37*/SET AUTOCOMMIT FALSE
SET AUTOCOMMIT TRUE
/*C39*/SET AUTOCOMMIT TRUE
SET AUTOCOMMIT FALSE
/*C37*/SET AUTOCOMMIT FALSE
DELETE FROM PLAN_VCS_HISTORY WHERE PLAN_VCS_HISTORY_ID=1540097
INSERT INTO PLAN_VCS_HISTORY VALUES(1540097,'AA-SLAP',57,'e2fffd085522acc94893d790d9eed76e90e74755',1245194,'')
COMMIT
SET AUTOCOMMIT TRUE
/*C39*/DELETE FROM PLAN_VCS_HISTORY WHERE PLAN_VCS_HISTORY_ID=1540098
INSERT INTO PLAN_VCS_HISTORY VALUES(1540098,'AP-YET',6,'e2fffd085522acc94893d790d9eed76e90e74755',1245193,'')
COMMIT
SET AUTOCOMMIT TRUE
SET AUTOCOMMIT FALSE
SET AUTOCOMMIT TRUE
SET AUTOCOMMIT FALSE
/*C38*/SET AUTOCOMMIT FALSE
/*C37*/SET AUTOCOMMIT FALSE
/*C35*/SET AUTOCOMMIT FALSE
/*C33*/SET AUTOCOMMIT FALSE
/*C40*/SET SCHEMA PUBLIC
CONNECT USER SA
SET AUTOCOMMIT FALSE
/*C41*/SET SCHEMA PUBLIC
CONNECT USER SA
/*C42*/SET SCHEMA PUBLIC
CONNECT USER SA
/*C35*/SET AUTOCOMMIT TRUE
/*C39*/SET AUTOCOMMIT TRUE
/*C38*/SET AUTOCOMMIT TRUE
/*C41*/SET AUTOCOMMIT FALSE
/*C37*/SET AUTOCOMMIT TRUE
/*C33*/SET AUTOCOMMIT TRUE
/*C42*/SET AUTOCOMMIT FALSE
/*C40*/SET AUTOCOMMIT TRUE
/*C41*/SET AUTOCOMMIT TRUE
/*C42*/SET AUTOCOMMIT TRUE
SET AUTOCOMMIT FALSE
SET AUTOCOMMIT TRUE
SET AUTOCOMMIT FALSE
SET AUTOCOMMIT TRUE
SET AUTOCOMMIT FALSE
SET AUTOCOMMIT TRUE
SET AUTOCOMMIT FALSE
SET AUTOCOMMIT TRUE
SET AUTOCOMMIT FALSE
SET AUTOCOMMIT TRUE
SET AUTOCOMMIT FALSE
SET AUTOCOMMIT TRUE
/*C41*/SET AUTOCOMMIT FALSE
SET AUTOCOMMIT TRUE
SET AUTOCOMMIT FALSE
SET AUTOCOMMIT TRUE
SET AUTOCOMMIT FALSE
SET AUTOCOMMIT TRUE
SET AUTOCOMMIT FALSE
SET AUTOCOMMIT TRUE
SET AUTOCOMMIT FALSE
SET AUTOCOMMIT TRUE
SET AUTOCOMMIT FALSE
SET AUTOCOMMIT TRUE
SET AUTOCOMMIT FALSE
SET AUTOCOMMIT TRUE
SET AUTOCOMMIT FALSE
SET AUTOCOMMIT TRUE
SET AUTOCOMMIT FALSE
SET AUTOCOMMIT TRUE
SET AUTOCOMMIT FALSE
SET AUTOCOMMIT TRUE
/*C42*/SET AUTOCOMMIT FALSE
SET AUTOCOMMIT TRUE
/*C41*/SET AUTOCOMMIT FALSE
SET AUTOCOMMIT TRUE
/*C42*/SET AUTOCOMMIT FALSE
SET AUTOCOMMIT TRUE
SET AUTOCOMMIT FALSE
SET AUTOCOMMIT TRUE
SET AUTOCOMMIT FALSE
SET AUTOCOMMIT TRUE
SET AUTOCOMMIT FALSE
SET AUTOCOMMIT TRUE
SET AUTOCOMMIT FALSE
SET AUTOCOMMIT TRUE
SET AUTOCOMMIT FALSE
SET AUTOCOMMIT TRUE
/*C41*/SET AUTOCOMMIT FALSE
SET AUTOCOMMIT TRUE
SET AUTOCOMMIT FALSE
SET AUTOCOMMIT TRUE
SET AUTOCOMMIT FALSE
SET AUTOCOMMIT TRUE
SET AUTOCOMMIT FALSE
SET AUTOCOMMIT TRUE
SET AUTOCOMMIT FALSE
SET AUTOCOMMIT TRUE
SET AUTOCOMMIT FALSE
/*C42*/SET AUTOCOMMIT FALSE
/*C41*/SET AUTOCOMMIT TRUE
/*C42*/SET AUTOCOMMIT TRUE
SET AUTOCOMMIT FALSE
/*C41*/SET AUTOCOMMIT FALSE
/*C42*/SET AUTOCOMMIT TRUE
/*C41*/SET AUTOCOMMIT TRUE
SET AUTOCOMMIT FALSE
SET AUTOCOMMIT TRUE
SET AUTOCOMMIT FALSE
SET AUTOCOMMIT TRUE
SET AUTOCOMMIT FALSE
SET AUTOCOMMIT TRUE
SET AUTOCOMMIT FALSE
/*C42*/SET AUTOCOMMIT FALSE
/*C40*/SET AUTOCOMMIT FALSE
/*C41*/SET AUTOCOMMIT TRUE
/*C40*/SET AUTOCOMMIT TRUE
/*C42*/SET AUTOCOMMIT TRUE
/*C41*/SET AUTOCOMMIT FALSE
SET AUTOCOMMIT TRUE
SET AUTOCOMMIT FALSE
SET AUTOCOMMIT TRUE
SET AUTOCOMMIT FALSE
SET AUTOCOMMIT TRUE
SET AUTOCOMMIT FALSE
SET AUTOCOMMIT TRUE
SET AUTOCOMMIT FALSE
SET AUTOCOMMIT TRUE
/*C40*/SET AUTOCOMMIT FALSE
SET AUTOCOMMIT TRUE
SET AUTOCOMMIT FALSE
SET AUTOCOMMIT TRUE
SET AUTOCOMMIT FALSE
SET AUTOCOMMIT TRUE
SET AUTOCOMMIT FALSE
SET AUTOCOMMIT TRUE
SET AUTOCOMMIT FALSE
SET AUTOCOMMIT TRUE
SET AUTOCOMMIT FALSE
SET AUTOCOMMIT TRUE
SET AUTOCOMMIT FALSE
SET AUTOCOMMIT TRUE
SET AUTOCOMMIT FALSE
SET AUTOCOMMIT TRUE
SET AUTOCOMMIT FALSE
SET AUTOCOMMIT TRUE
SET AUTOCOMMIT FALSE
SET AUTOCOMMIT TRUE
SET AUTOCOMMIT FALSE
SET AUTOCOMMIT TRUE
SET AUTOCOMMIT FALSE
SET AUTOCOMMIT TRUE
SET AUTOCOMMIT FALSE
SET AUTOCOMMIT TRUE
SET AUTOCOMMIT FALSE
SET AUTOCOMMIT TRUE
SET AUTOCOMMIT FALSE
SET AUTOCOMMIT TRUE
SET AUTOCOMMIT FALSE
SET AUTOCOMMIT TRUE
SET AUTOCOMMIT FALSE
SET AUTOCOMMIT TRUE
SET AUTOCOMMIT FALSE
SET AUTOCOMMIT TRUE
SET AUTOCOMMIT FALSE
SET AUTOCOMMIT TRUE
SET AUTOCOMMIT FALSE
SET AUTOCOMMIT TRUE
SET AUTOCOMMIT FALSE
SET AUTOCOMMIT TRUE
SET AUTOCOMMIT FALSE
SET AUTOCOMMIT TRUE
SET AUTOCOMMIT FALSE
SET AUTOCOMMIT TRUE
SET AUTOCOMMIT FALSE
SET AUTOCOMMIT TRUE
SET AUTOCOMMIT FALSE
SET AUTOCOMMIT TRUE
SET AUTOCOMMIT FALSE
SET AUTOCOMMIT TRUE
SET AUTOCOMMIT FALSE
SET AUTOCOMMIT TRUE
SET AUTOCOMMIT FALSE
SET AUTOCOMMIT TRUE
SET AUTOCOMMIT FALSE
SET AUTOCOMMIT TRUE
SET AUTOCOMMIT FALSE
SET AUTOCOMMIT TRUE
SET AUTOCOMMIT FALSE
SET AUTOCOMMIT TRUE
SET AUTOCOMMIT FALSE
SET AUTOCOMMIT TRUE
SET AUTOCOMMIT FALSE
SET AUTOCOMMIT TRUE
SET AUTOCOMMIT FALSE
SET AUTOCOMMIT TRUE
SET AUTOCOMMIT FALSE
SET AUTOCOMMIT TRUE
SET AUTOCOMMIT FALSE
SET AUTOCOMMIT TRUE
SET AUTOCOMMIT FALSE
SET AUTOCOMMIT TRUE
SET AUTOCOMMIT FALSE
INSERT INTO BANDANA VALUES(2359314,0,'com.atlassian.bamboo.deployments.environments.index.EnvironmentIndexerImpl:approximateTimePerResult','<long>1184</long>')
COMMIT
SET AUTOCOMMIT TRUE
SET AUTOCOMMIT FALSE
SET AUTOCOMMIT TRUE
SET AUTOCOMMIT FALSE
SET AUTOCOMMIT TRUE
SET AUTOCOMMIT FALSE
SET AUTOCOMMIT TRUE
SET AUTOCOMMIT FALSE
SET AUTOCOMMIT TRUE
SET AUTOCOMMIT FALSE
SET AUTOCOMMIT TRUE
SET AUTOCOMMIT FALSE
SET AUTOCOMMIT TRUE
SET AUTOCOMMIT FALSE
SET AUTOCOMMIT TRUE
SET AUTOCOMMIT FALSE
SET AUTOCOMMIT TRUE
SET AUTOCOMMIT FALSE
SET AUTOCOMMIT TRUE
SET AUTOCOMMIT FALSE
SET AUTOCOMMIT TRUE
SET AUTOCOMMIT FALSE
SET AUTOCOMMIT TRUE
SET AUTOCOMMIT FALSE
SET AUTOCOMMIT TRUE
SET AUTOCOMMIT FALSE
SET AUTOCOMMIT TRUE
SET AUTOCOMMIT FALSE
SET AUTOCOMMIT TRUE
/*C41*/SET AUTOCOMMIT FALSE
SET AUTOCOMMIT TRUE
SET AUTOCOMMIT FALSE
SET AUTOCOMMIT TRUE
SET AUTOCOMMIT FALSE
/*C40*/SET AUTOCOMMIT FALSE
/*C41*/SET AUTOCOMMIT TRUE
/*C40*/SET AUTOCOMMIT TRUE
SET AUTOCOMMIT FALSE
SET AUTOCOMMIT TRUE
SET AUTOCOMMIT FALSE
SET AUTOCOMMIT TRUE
SET AUTOCOMMIT FALSE
SET AUTOCOMMIT TRUE
SET AUTOCOMMIT FALSE
SET AUTOCOMMIT TRUE
SET AUTOCOMMIT FALSE
SET AUTOCOMMIT TRUE
SET AUTOCOMMIT FALSE
SET AUTOCOMMIT TRUE
SET AUTOCOMMIT FALSE
SET AUTOCOMMIT TRUE
SET AUTOCOMMIT FALSE
SET AUTOCOMMIT TRUE
SET AUTOCOMMIT FALSE
SET AUTOCOMMIT TRUE
SET AUTOCOMMIT FALSE
SET AUTOCOMMIT TRUE
SET AUTOCOMMIT FALSE
SET AUTOCOMMIT TRUE
SET AUTOCOMMIT FALSE
SET AUTOCOMMIT TRUE
SET AUTOCOMMIT FALSE
SET AUTOCOMMIT TRUE
SET AUTOCOMMIT FALSE
SET AUTOCOMMIT TRUE
SET AUTOCOMMIT FALSE
SET AUTOCOMMIT TRUE
SET AUTOCOMMIT FALSE
SET AUTOCOMMIT TRUE
SET AUTOCOMMIT FALSE
SET AUTOCOMMIT TRUE
SET AUTOCOMMIT FALSE
SET AUTOCOMMIT TRUE
SET AUTOCOMMIT FALSE
SET AUTOCOMMIT TRUE
SET AUTOCOMMIT FALSE
SET AUTOCOMMIT TRUE
SET AUTOCOMMIT FALSE
SET AUTOCOMMIT TRUE
SET AUTOCOMMIT FALSE
SET AUTOCOMMIT TRUE
SET AUTOCOMMIT FALSE
SET AUTOCOMMIT TRUE
SET AUTOCOMMIT FALSE
SET AUTOCOMMIT TRUE
SET AUTOCOMMIT FALSE
SET AUTOCOMMIT TRUE
SET AUTOCOMMIT FALSE
SET AUTOCOMMIT TRUE
SET AUTOCOMMIT FALSE
SET AUTOCOMMIT TRUE
SET AUTOCOMMIT FALSE
SET AUTOCOMMIT TRUE
SET AUTOCOMMIT FALSE
SET AUTOCOMMIT TRUE
SET AUTOCOMMIT FALSE
SET AUTOCOMMIT TRUE
SET AUTOCOMMIT FALSE
SET AUTOCOMMIT TRUE
SET AUTOCOMMIT FALSE
SET AUTOCOMMIT TRUE
SET AUTOCOMMIT FALSE
SET AUTOCOMMIT TRUE
SET AUTOCOMMIT FALSE
SET AUTOCOMMIT TRUE
SET AUTOCOMMIT FALSE
SET AUTOCOMMIT TRUE
SET AUTOCOMMIT FALSE
SET AUTOCOMMIT TRUE
SET AUTOCOMMIT FALSE
SET AUTOCOMMIT TRUE
SET AUTOCOMMIT FALSE
SET AUTOCOMMIT TRUE
/*C36*/SET AUTOCOMMIT TRUE
SET AUTOCOMMIT FALSE
/*C40*/SET AUTOCOMMIT FALSE
SET AUTOCOMMIT TRUE
/*C36*/SET AUTOCOMMIT TRUE
SET AUTOCOMMIT FALSE
/*C40*/SET AUTOCOMMIT FALSE
/*C36*/SET AUTOCOMMIT TRUE
/*C40*/SET AUTOCOMMIT TRUE
SET AUTOCOMMIT FALSE
/*C36*/SET AUTOCOMMIT FALSE
/*C40*/SET AUTOCOMMIT TRUE
/*C36*/SET AUTOCOMMIT TRUE
SET AUTOCOMMIT FALSE
/*C40*/SET AUTOCOMMIT FALSE
/*C36*/SET AUTOCOMMIT TRUE
/*C40*/SET AUTOCOMMIT TRUE
/*C36*/SET AUTOCOMMIT FALSE
/*C40*/SET AUTOCOMMIT FALSE
/*C36*/SET AUTOCOMMIT TRUE
/*C40*/SET AUTOCOMMIT TRUE
/*C36*/SET AUTOCOMMIT FALSE
/*C40*/SET AUTOCOMMIT FALSE
SET AUTOCOMMIT TRUE
/*C36*/SET AUTOCOMMIT TRUE
SET AUTOCOMMIT FALSE
/*C40*/SET AUTOCOMMIT FALSE
DELETE FROM PLAN_VCS_HISTORY WHERE PLAN_VCS_HISTORY_ID=1540097
INSERT INTO PLAN_VCS_HISTORY VALUES(1540097,'AA-SLAP',57,'e2fffd085522acc94893d790d9eed76e90e74755',1245194,'')
/*C36*/DELETE FROM PLAN_VCS_HISTORY WHERE PLAN_VCS_HISTORY_ID=1540098
INSERT INTO PLAN_VCS_HISTORY VALUES(1540098,'AP-YET',6,'e2fffd085522acc94893d790d9eed76e90e74755',1245193,'')
/*C40*/COMMIT
SET AUTOCOMMIT TRUE
/*C36*/COMMIT
SET AUTOCOMMIT TRUE
SET AUTOCOMMIT FALSE
SET AUTOCOMMIT TRUE
SET AUTOCOMMIT FALSE
/*C40*/SET AUTOCOMMIT FALSE
SET AUTOCOMMIT TRUE
/*C36*/SET AUTOCOMMIT TRUE
SET AUTOCOMMIT FALSE
/*C40*/SET AUTOCOMMIT FALSE
/*C36*/SET AUTOCOMMIT TRUE
/*C40*/SET AUTOCOMMIT TRUE
SET AUTOCOMMIT FALSE
/*C36*/SET AUTOCOMMIT FALSE
/*C40*/SET AUTOCOMMIT TRUE
/*C36*/SET AUTOCOMMIT TRUE
SET AUTOCOMMIT FALSE
/*C40*/SET AUTOCOMMIT FALSE
/*C36*/SET AUTOCOMMIT TRUE
/*C40*/SET AUTOCOMMIT TRUE
SET AUTOCOMMIT FALSE
/*C36*/SET AUTOCOMMIT FALSE
/*C40*/SET AUTOCOMMIT TRUE
/*C36*/SET AUTOCOMMIT TRUE
/*C41*/DISCONNECT
/*C33*/DISCONNECT
/*C42*/DISCONNECT
/*C38*/DISCONNECT
/*C37*/DISCONNECT
/*C35*/DISCONNECT
/*C39*/DISCONNECT
/*C36*/SET AUTOCOMMIT FALSE
/*C40*/SET AUTOCOMMIT FALSE
SET AUTOCOMMIT TRUE
/*C36*/SET AUTOCOMMIT TRUE
/*C40*/SET AUTOCOMMIT FALSE
/*C36*/SET AUTOCOMMIT FALSE
/*C40*/DELETE FROM PLAN_VCS_HISTORY WHERE PLAN_VCS_HISTORY_ID=1540098
INSERT INTO PLAN_VCS_HISTORY VALUES(1540098,'AP-YET',6,'e2fffd085522acc94893d790d9eed76e90e74755',1245193,'')
COMMIT
SET AUTOCOMMIT TRUE
/*C36*/DELETE FROM PLAN_VCS_HISTORY WHERE PLAN_VCS_HISTORY_ID=1540097
INSERT INTO PLAN_VCS_HISTORY VALUES(1540097,'AA-SLAP',57,'e2fffd085522acc94893d790d9eed76e90e74755',1245194,'')
COMMIT
SET AUTOCOMMIT TRUE
SET AUTOCOMMIT FALSE
SET AUTOCOMMIT TRUE
SET AUTOCOMMIT FALSE
SET AUTOCOMMIT TRUE
SET AUTOCOMMIT FALSE
SET AUTOCOMMIT TRUE
SET AUTOCOMMIT FALSE
SET AUTOCOMMIT TRUE
SET AUTOCOMMIT FALSE
/*C40*/SET AUTOCOMMIT FALSE
/*C36*/SET AUTOCOMMIT TRUE
/*C40*/SET AUTOCOMMIT TRUE
SET AUTOCOMMIT FALSE
/*C36*/SET AUTOCOMMIT FALSE
/*C40*/SET AUTOCOMMIT TRUE
/*C36*/SET AUTOCOMMIT TRUE
SET AUTOCOMMIT FALSE
/*C40*/SET AUTOCOMMIT FALSE
/*C36*/SET AUTOCOMMIT TRUE
/*C40*/SET AUTOCOMMIT TRUE
/*C36*/SET AUTOCOMMIT FALSE
/*C40*/SET AUTOCOMMIT FALSE
/*C36*/SET AUTOCOMMIT TRUE
/*C40*/SET AUTOCOMMIT TRUE
SET AUTOCOMMIT FALSE
/*C36*/SET AUTOCOMMIT FALSE
/*C40*/SET AUTOCOMMIT TRUE
/*C36*/SET AUTOCOMMIT TRUE
SET AUTOCOMMIT FALSE
/*C40*/SET AUTOCOMMIT FALSE
/*C36*/SET AUTOCOMMIT TRUE
SET AUTOCOMMIT FALSE
/*C40*/SET AUTOCOMMIT TRUE
/*C36*/DELETE FROM PLAN_VCS_HISTORY WHERE PLAN_VCS_HISTORY_ID=1540097
INSERT INTO PLAN_VCS_HISTORY VALUES(1540097,'AA-SLAP',57,'e2fffd085522acc94893d790d9eed76e90e74755',1245194,'')
/*C40*/SET AUTOCOMMIT FALSE
/*C36*/COMMIT
SET AUTOCOMMIT TRUE
/*C40*/DELETE FROM PLAN_VCS_HISTORY WHERE PLAN_VCS_HISTORY_ID=1540098
INSERT INTO PLAN_VCS_HISTORY VALUES(1540098,'AP-YET',6,'e2fffd085522acc94893d790d9eed76e90e74755',1245193,'')
COMMIT
SET AUTOCOMMIT TRUE
SET AUTOCOMMIT FALSE
SET AUTOCOMMIT TRUE
SET AUTOCOMMIT FALSE
SET AUTOCOMMIT TRUE
SET AUTOCOMMIT FALSE
SET AUTOCOMMIT TRUE
SET AUTOCOMMIT FALSE
/*C36*/SET AUTOCOMMIT FALSE
/*C40*/SET AUTOCOMMIT TRUE
/*C36*/SET AUTOCOMMIT TRUE
SET AUTOCOMMIT FALSE
/*C40*/SET AUTOCOMMIT FALSE
/*C36*/SET AUTOCOMMIT TRUE
/*C40*/SET AUTOCOMMIT TRUE
SET AUTOCOMMIT FALSE
/*C36*/SET AUTOCOMMIT FALSE
/*C40*/SET AUTOCOMMIT TRUE
/*C36*/SET AUTOCOMMIT TRUE
SET AUTOCOMMIT FALSE
/*C40*/SET AUTOCOMMIT FALSE
/*C36*/SET AUTOCOMMIT TRUE
/*C40*/SET AUTOCOMMIT TRUE
/*C36*/SET AUTOCOMMIT FALSE
/*C40*/SET AUTOCOMMIT FALSE
/*C36*/SET AUTOCOMMIT TRUE
/*C40*/SET AUTOCOMMIT TRUE
SET AUTOCOMMIT FALSE
/*C36*/SET AUTOCOMMIT FALSE
SET AUTOCOMMIT TRUE
/*C40*/SET AUTOCOMMIT TRUE
SET AUTOCOMMIT FALSE
/*C36*/SET AUTOCOMMIT FALSE
/*C40*/DELETE FROM PLAN_VCS_HISTORY WHERE PLAN_VCS_HISTORY_ID=1540098
INSERT INTO PLAN_VCS_HISTORY VALUES(1540098,'AP-YET',6,'e2fffd085522acc94893d790d9eed76e90e74755',1245193,'')
/*C36*/DELETE FROM PLAN_VCS_HISTORY WHERE PLAN_VCS_HISTORY_ID=1540097
INSERT INTO PLAN_VCS_HISTORY VALUES(1540097,'AA-SLAP',57,'e2fffd085522acc94893d790d9eed76e90e74755',1245194,'')
COMMIT
/*C40*/COMMIT
/*C36*/SET AUTOCOMMIT TRUE
/*C40*/SET AUTOCOMMIT TRUE
SET AUTOCOMMIT FALSE
/*C36*/SET AUTOCOMMIT FALSE
SET AUTOCOMMIT TRUE
/*C40*/SET AUTOCOMMIT TRUE
SET AUTOCOMMIT FALSE
/*C36*/SET AUTOCOMMIT FALSE
/*C40*/SET AUTOCOMMIT TRUE
/*C36*/SET AUTOCOMMIT TRUE
SET AUTOCOMMIT FALSE
/*C40*/SET AUTOCOMMIT FALSE
/*C36*/SET AUTOCOMMIT TRUE
/*C40*/SET AUTOCOMMIT TRUE
SET AUTOCOMMIT FALSE
/*C36*/SET AUTOCOMMIT FALSE
/*C40*/SET AUTOCOMMIT TRUE
/*C36*/SET AUTOCOMMIT TRUE
SET AUTOCOMMIT FALSE
/*C40*/SET AUTOCOMMIT FALSE
/*C36*/SET AUTOCOMMIT TRUE
/*C40*/SET AUTOCOMMIT TRUE
SET AUTOCOMMIT FALSE
/*C36*/SET AUTOCOMMIT FALSE
SET AUTOCOMMIT TRUE
/*C40*/SET AUTOCOMMIT TRUE
/*C36*/SET AUTOCOMMIT FALSE
/*C40*/SET AUTOCOMMIT FALSE
/*C36*/DELETE FROM PLAN_VCS_HISTORY WHERE PLAN_VCS_HISTORY_ID=1540098
INSERT INTO PLAN_VCS_HISTORY VALUES(1540098,'AP-YET',6,'e2fffd085522acc94893d790d9eed76e90e74755',1245193,'')
/*C40*/DELETE FROM PLAN_VCS_HISTORY WHERE PLAN_VCS_HISTORY_ID=1540097
INSERT INTO PLAN_VCS_HISTORY VALUES(1540097,'AA-SLAP',57,'e2fffd085522acc94893d790d9eed76e90e74755',1245194,'')
/*C36*/COMMIT
/*C40*/COMMIT
/*C36*/SET AUTOCOMMIT TRUE
/*C40*/SET AUTOCOMMIT TRUE
SET AUTOCOMMIT FALSE
SET AUTOCOMMIT TRUE
SET AUTOCOMMIT FALSE
/*C36*/SET AUTOCOMMIT FALSE
SET AUTOCOMMIT TRUE
/*C40*/SET AUTOCOMMIT TRUE
/*C36*/SET AUTOCOMMIT FALSE
/*C40*/SET AUTOCOMMIT FALSE
/*C36*/SET AUTOCOMMIT TRUE
/*C40*/SET AUTOCOMMIT TRUE
SET AUTOCOMMIT FALSE
/*C36*/SET AUTOCOMMIT FALSE
/*C40*/SET AUTOCOMMIT TRUE
/*C36*/SET AUTOCOMMIT TRUE
/*C40*/SET AUTOCOMMIT FALSE
/*C36*/SET AUTOCOMMIT FALSE
/*C40*/SET AUTOCOMMIT TRUE
/*C36*/SET AUTOCOMMIT TRUE
SET AUTOCOMMIT FALSE
/*C40*/SET AUTOCOMMIT FALSE
/*C36*/SET AUTOCOMMIT TRUE
/*C40*/SET AUTOCOMMIT TRUE
SET AUTOCOMMIT FALSE
SET AUTOCOMMIT TRUE
/*C36*/SET AUTOCOMMIT FALSE
SET AUTOCOMMIT TRUE
SET AUTOCOMMIT FALSE
SET AUTOCOMMIT TRUE
SET AUTOCOMMIT FALSE
SET AUTOCOMMIT TRUE
SET AUTOCOMMIT FALSE
SET AUTOCOMMIT TRUE
SET AUTOCOMMIT FALSE
/*C40*/SET AUTOCOMMIT FALSE
/*C36*/SET AUTOCOMMIT TRUE
/*C40*/SET AUTOCOMMIT TRUE
/*C36*/SET AUTOCOMMIT FALSE
/*C40*/SET AUTOCOMMIT FALSE
/*C36*/DELETE FROM PLAN_VCS_HISTORY WHERE PLAN_VCS_HISTORY_ID=1540097
INSERT INTO PLAN_VCS_HISTORY VALUES(1540097,'AA-SLAP',57,'e2fffd085522acc94893d790d9eed76e90e74755',1245194,'')
COMMIT
SET AUTOCOMMIT TRUE
/*C40*/DELETE FROM PLAN_VCS_HISTORY WHERE PLAN_VCS_HISTORY_ID=1540098
INSERT INTO PLAN_VCS_HISTORY VALUES(1540098,'AP-YET',6,'e2fffd085522acc94893d790d9eed76e90e74755',1245193,'')
COMMIT
SET AUTOCOMMIT TRUE
SET AUTOCOMMIT FALSE
SET AUTOCOMMIT TRUE
SET AUTOCOMMIT FALSE
SET AUTOCOMMIT TRUE
SET AUTOCOMMIT FALSE
SET AUTOCOMMIT TRUE
SET AUTOCOMMIT FALSE
/*C36*/SET AUTOCOMMIT FALSE
/*C40*/SET AUTOCOMMIT TRUE
SET AUTOCOMMIT FALSE
/*C36*/SET AUTOCOMMIT TRUE
SET AUTOCOMMIT FALSE
SET AUTOCOMMIT TRUE
/*C40*/SET AUTOCOMMIT TRUE
SET AUTOCOMMIT FALSE
/*C36*/SET AUTOCOMMIT FALSE
/*C40*/SET AUTOCOMMIT TRUE
/*C36*/SET AUTOCOMMIT TRUE
SET AUTOCOMMIT FALSE
SET AUTOCOMMIT TRUE
SET AUTOCOMMIT FALSE
SET AUTOCOMMIT TRUE
SET AUTOCOMMIT FALSE
/*C40*/SET AUTOCOMMIT FALSE
/*C36*/SET AUTOCOMMIT TRUE
/*C40*/SET AUTOCOMMIT TRUE
/*C36*/SET AUTOCOMMIT FALSE
/*C40*/SET AUTOCOMMIT FALSE
/*C36*/DELETE FROM PLAN_VCS_HISTORY WHERE PLAN_VCS_HISTORY_ID=1540097
INSERT INTO PLAN_VCS_HISTORY VALUES(1540097,'AA-SLAP',57,'e2fffd085522acc94893d790d9eed76e90e74755',1245194,'')
COMMIT
SET AUTOCOMMIT TRUE
/*C40*/DELETE FROM PLAN_VCS_HISTORY WHERE PLAN_VCS_HISTORY_ID=1540098
INSERT INTO PLAN_VCS_HISTORY VALUES(1540098,'AP-YET',6,'e2fffd085522acc94893d790d9eed76e90e74755',1245193,'')
COMMIT
SET AUTOCOMMIT TRUE
SET AUTOCOMMIT FALSE
SET AUTOCOMMIT TRUE
SET AUTOCOMMIT FALSE
SET AUTOCOMMIT TRUE
SET AUTOCOMMIT FALSE
SET AUTOCOMMIT TRUE
SET AUTOCOMMIT FALSE
/*C36*/SET AUTOCOMMIT FALSE
SET AUTOCOMMIT TRUE
/*C40*/SET AUTOCOMMIT TRUE
SET AUTOCOMMIT FALSE
SET AUTOCOMMIT TRUE
SET AUTOCOMMIT FALSE
SET AUTOCOMMIT TRUE
SET AUTOCOMMIT FALSE
SET AUTOCOMMIT TRUE
SET AUTOCOMMIT FALSE
SET AUTOCOMMIT TRUE
SET AUTOCOMMIT FALSE
SET AUTOCOMMIT TRUE
SET AUTOCOMMIT FALSE
SET AUTOCOMMIT TRUE
/*C36*/SET AUTOCOMMIT FALSE
SET AUTOCOMMIT TRUE
SET AUTOCOMMIT FALSE
SET AUTOCOMMIT TRUE
SET AUTOCOMMIT FALSE
SET AUTOCOMMIT TRUE
/*C40*/SET AUTOCOMMIT FALSE
SET AUTOCOMMIT TRUE
/*C36*/SET AUTOCOMMIT FALSE
/*C43*/SET SCHEMA PUBLIC
CONNECT USER SA
/*C36*/SET AUTOCOMMIT TRUE
/*C40*/SET AUTOCOMMIT FALSE
SET AUTOCOMMIT TRUE
SET AUTOCOMMIT FALSE
SET AUTOCOMMIT TRUE
SET AUTOCOMMIT FALSE
SET AUTOCOMMIT TRUE
SET AUTOCOMMIT FALSE
SET AUTOCOMMIT TRUE
SET AUTOCOMMIT FALSE
/*C36*/SET AUTOCOMMIT FALSE
/*C40*/SET AUTOCOMMIT TRUE
SET AUTOCOMMIT FALSE
/*C36*/SET AUTOCOMMIT TRUE
/*C40*/SET AUTOCOMMIT TRUE
SET AUTOCOMMIT FALSE
SET AUTOCOMMIT TRUE
/*C36*/SET AUTOCOMMIT FALSE
/*C40*/SET AUTOCOMMIT FALSE
SET AUTOCOMMIT TRUE
/*C36*/SET AUTOCOMMIT TRUE
SET AUTOCOMMIT FALSE
/*C40*/SET AUTOCOMMIT FALSE
/*C36*/SET AUTOCOMMIT TRUE
/*C40*/SET AUTOCOMMIT TRUE
SET AUTOCOMMIT FALSE
/*C36*/SET AUTOCOMMIT FALSE
/*C40*/SET AUTOCOMMIT TRUE
/*C36*/SET AUTOCOMMIT TRUE
SET AUTOCOMMIT FALSE
/*C40*/SET AUTOCOMMIT FALSE
/*C36*/SET AUTOCOMMIT TRUE
SET AUTOCOMMIT FALSE
/*C40*/SET AUTOCOMMIT TRUE
SET AUTOCOMMIT FALSE
/*C36*/SET AUTOCOMMIT TRUE
/*C40*/SET AUTOCOMMIT TRUE
/*C36*/SET AUTOCOMMIT FALSE
/*C40*/SET AUTOCOMMIT FALSE
/*C36*/SET AUTOCOMMIT TRUE
/*C40*/SET AUTOCOMMIT TRUE
SET AUTOCOMMIT FALSE
/*C36*/SET AUTOCOMMIT FALSE
/*C40*/DELETE FROM PLAN_VCS_HISTORY WHERE PLAN_VCS_HISTORY_ID=1540097
INSERT INTO PLAN_VCS_HISTORY VALUES(1540097,'AA-SLAP',57,'e2fffd085522acc94893d790d9eed76e90e74755',1245194,'')
/*C36*/DELETE FROM PLAN_VCS_HISTORY WHERE PLAN_VCS_HISTORY_ID=1540098
INSERT INTO PLAN_VCS_HISTORY VALUES(1540098,'AP-YET',6,'e2fffd085522acc94893d790d9eed76e90e74755',1245193,'')
/*C40*/COMMIT
SET AUTOCOMMIT TRUE
/*C36*/COMMIT
SET AUTOCOMMIT TRUE
SET AUTOCOMMIT FALSE
SET AUTOCOMMIT TRUE
SET AUTOCOMMIT FALSE
/*C40*/SET AUTOCOMMIT FALSE
/*C36*/SET AUTOCOMMIT TRUE
/*C40*/SET AUTOCOMMIT TRUE
SET AUTOCOMMIT FALSE
/*C36*/SET AUTOCOMMIT FALSE
/*C40*/SET AUTOCOMMIT TRUE
/*C36*/SET AUTOCOMMIT TRUE
SET AUTOCOMMIT FALSE
/*C40*/SET AUTOCOMMIT FALSE
/*C36*/SET AUTOCOMMIT TRUE
/*C40*/SET AUTOCOMMIT TRUE
SET AUTOCOMMIT FALSE
/*C36*/SET AUTOCOMMIT FALSE
/*C40*/SET AUTOCOMMIT TRUE
/*C36*/SET AUTOCOMMIT TRUE
/*C40*/SET AUTOCOMMIT FALSE
/*C36*/SET AUTOCOMMIT FALSE
/*C40*/SET AUTOCOMMIT TRUE
/*C36*/SET AUTOCOMMIT TRUE
SET AUTOCOMMIT FALSE
/*C40*/SET AUTOCOMMIT FALSE
/*C36*/SET AUTOCOMMIT TRUE
/*C40*/SET AUTOCOMMIT TRUE
/*C36*/SET AUTOCOMMIT FALSE
/*C40*/SET AUTOCOMMIT FALSE
/*C36*/DELETE FROM PLAN_VCS_HISTORY WHERE PLAN_VCS_HISTORY_ID=1540097
INSERT INTO PLAN_VCS_HISTORY VALUES(1540097,'AA-SLAP',57,'e2fffd085522acc94893d790d9eed76e90e74755',1245194,'')
/*C40*/DELETE FROM PLAN_VCS_HISTORY WHERE PLAN_VCS_HISTORY_ID=1540098
INSERT INTO PLAN_VCS_HISTORY VALUES(1540098,'AP-YET',6,'e2fffd085522acc94893d790d9eed76e90e74755',1245193,'')
/*C36*/COMMIT
SET AUTOCOMMIT TRUE
/*C40*/COMMIT
SET AUTOCOMMIT TRUE
SET AUTOCOMMIT FALSE
SET AUTOCOMMIT TRUE
/*C43*/DISCONNECT
/*C40*/SET AUTOCOMMIT FALSE
SET AUTOCOMMIT TRUE
/*C36*/SET AUTOCOMMIT FALSE
/*C40*/SET AUTOCOMMIT FALSE
SET AUTOCOMMIT TRUE
/*C36*/SET AUTOCOMMIT TRUE
SET AUTOCOMMIT FALSE
/*C40*/SET AUTOCOMMIT FALSE
/*C36*/SET AUTOCOMMIT TRUE
/*C40*/SET AUTOCOMMIT TRUE
SET AUTOCOMMIT FALSE
/*C36*/SET AUTOCOMMIT FALSE
/*C40*/SET AUTOCOMMIT TRUE
/*C36*/SET AUTOCOMMIT TRUE
SET AUTOCOMMIT FALSE
/*C40*/SET AUTOCOMMIT FALSE
/*C36*/SET AUTOCOMMIT TRUE
SET AUTOCOMMIT FALSE
/*C40*/SET AUTOCOMMIT TRUE
SET AUTOCOMMIT FALSE
/*C36*/SET AUTOCOMMIT TRUE
/*C40*/SET AUTOCOMMIT TRUE
/*C36*/SET AUTOCOMMIT FALSE
/*C40*/SET AUTOCOMMIT FALSE
/*C36*/SET AUTOCOMMIT TRUE
/*C40*/SET AUTOCOMMIT TRUE
SET AUTOCOMMIT FALSE
/*C36*/SET AUTOCOMMIT FALSE
DELETE FROM PLAN_VCS_HISTORY WHERE PLAN_VCS_HISTORY_ID=1540097
INSERT INTO PLAN_VCS_HISTORY VALUES(1540097,'AA-SLAP',57,'e2fffd085522acc94893d790d9eed76e90e74755',1245194,'')
/*C40*/DELETE FROM PLAN_VCS_HISTORY WHERE PLAN_VCS_HISTORY_ID=1540098
INSERT INTO PLAN_VCS_HISTORY VALUES(1540098,'AP-YET',6,'e2fffd085522acc94893d790d9eed76e90e74755',1245193,'')
/*C36*/COMMIT
/*C40*/COMMIT
/*C36*/SET AUTOCOMMIT TRUE
/*C40*/SET AUTOCOMMIT TRUE
SET AUTOCOMMIT FALSE
SET AUTOCOMMIT TRUE
SET AUTOCOMMIT FALSE
/*C36*/SET AUTOCOMMIT FALSE
/*C44*/SET SCHEMA PUBLIC
CONNECT USER SA
SET AUTOCOMMIT FALSE
SET AUTOCOMMIT TRUE
/*C36*/SET AUTOCOMMIT TRUE
/*C40*/SET AUTOCOMMIT TRUE
SET AUTOCOMMIT FALSE
/*C36*/SET AUTOCOMMIT FALSE
/*C44*/SET AUTOCOMMIT FALSE
/*C45*/SET SCHEMA PUBLIC
CONNECT USER SA
SET AUTOCOMMIT FALSE
/*C46*/SET SCHEMA PUBLIC
CONNECT USER SA
SET AUTOCOMMIT FALSE
/*C44*/SET AUTOCOMMIT TRUE
/*C36*/SET AUTOCOMMIT TRUE
/*C46*/SET AUTOCOMMIT TRUE
/*C40*/SET AUTOCOMMIT TRUE
/*C45*/SET AUTOCOMMIT TRUE
SET AUTOCOMMIT FALSE
/*C40*/SET AUTOCOMMIT FALSE
SET AUTOCOMMIT TRUE
/*C45*/SET AUTOCOMMIT TRUE
SET AUTOCOMMIT FALSE
/*C40*/SET AUTOCOMMIT FALSE
/*C45*/SET AUTOCOMMIT TRUE
/*C40*/SET AUTOCOMMIT TRUE
SET AUTOCOMMIT FALSE
/*C45*/SET AUTOCOMMIT FALSE
/*C40*/SET AUTOCOMMIT TRUE
/*C45*/SET AUTOCOMMIT TRUE
/*C40*/SET AUTOCOMMIT FALSE
/*C45*/SET AUTOCOMMIT FALSE
/*C40*/SET AUTOCOMMIT TRUE
/*C45*/SET AUTOCOMMIT TRUE
/*C40*/SET AUTOCOMMIT FALSE
/*C45*/SET AUTOCOMMIT FALSE
/*C40*/SET AUTOCOMMIT TRUE
/*C45*/SET AUTOCOMMIT TRUE
SET AUTOCOMMIT FALSE
/*C40*/SET AUTOCOMMIT FALSE
/*C46*/SET AUTOCOMMIT FALSE
/*C40*/SET AUTOCOMMIT TRUE
/*C46*/SET AUTOCOMMIT TRUE
/*C40*/SET AUTOCOMMIT FALSE
/*C46*/SET AUTOCOMMIT FALSE
/*C40*/DELETE FROM PLAN_VCS_HISTORY WHERE PLAN_VCS_HISTORY_ID=1540098
INSERT INTO PLAN_VCS_HISTORY VALUES(1540098,'AP-YET',6,'e2fffd085522acc94893d790d9eed76e90e74755',1245193,'')
COMMIT
SET AUTOCOMMIT TRUE
/*C46*/DELETE FROM PLAN_VCS_HISTORY WHERE PLAN_VCS_HISTORY_ID=1540097
INSERT INTO PLAN_VCS_HISTORY VALUES(1540097,'AA-SLAP',57,'e2fffd085522acc94893d790d9eed76e90e74755',1245194,'')
COMMIT
SET AUTOCOMMIT TRUE
/*C45*/SET AUTOCOMMIT TRUE
SET AUTOCOMMIT FALSE
SET AUTOCOMMIT TRUE
SET AUTOCOMMIT FALSE
SET AUTOCOMMIT TRUE
SET AUTOCOMMIT FALSE
SET AUTOCOMMIT TRUE
SET AUTOCOMMIT FALSE
/*C46*/SET AUTOCOMMIT FALSE
/*C40*/SET AUTOCOMMIT FALSE
/*C45*/SET AUTOCOMMIT TRUE
/*C40*/SET AUTOCOMMIT TRUE
/*C46*/SET AUTOCOMMIT TRUE
SET AUTOCOMMIT FALSE
SET AUTOCOMMIT TRUE
SET AUTOCOMMIT FALSE
/*C40*/SET AUTOCOMMIT FALSE
/*C46*/SET AUTOCOMMIT TRUE
/*C40*/SET AUTOCOMMIT TRUE
/*C46*/SET AUTOCOMMIT FALSE
/*C40*/SET AUTOCOMMIT FALSE
/*C46*/SET AUTOCOMMIT TRUE
/*C40*/SET AUTOCOMMIT TRUE
SET AUTOCOMMIT FALSE
/*C46*/SET AUTOCOMMIT FALSE
/*C40*/SET AUTOCOMMIT TRUE
/*C46*/SET AUTOCOMMIT TRUE
/*C40*/SET AUTOCOMMIT FALSE
/*C46*/SET AUTOCOMMIT FALSE
/*C40*/SET AUTOCOMMIT TRUE
/*C46*/SET AUTOCOMMIT TRUE
/*C40*/SET AUTOCOMMIT FALSE
/*C46*/SET AUTOCOMMIT FALSE
/*C40*/SET AUTOCOMMIT TRUE
/*C46*/SET AUTOCOMMIT TRUE
SET AUTOCOMMIT FALSE
SET AUTOCOMMIT TRUE
/*C40*/SET AUTOCOMMIT FALSE
SET AUTOCOMMIT TRUE
SET AUTOCOMMIT FALSE
SET AUTOCOMMIT TRUE
SET AUTOCOMMIT FALSE
SET AUTOCOMMIT TRUE
SET AUTOCOMMIT FALSE
SET AUTOCOMMIT TRUE
SET AUTOCOMMIT FALSE
/*C46*/SET AUTOCOMMIT FALSE
SET AUTOCOMMIT TRUE
/*C40*/SET AUTOCOMMIT TRUE
SET AUTOCOMMIT FALSE
/*C46*/SET AUTOCOMMIT FALSE
/*C40*/DELETE FROM PLAN_VCS_HISTORY WHERE PLAN_VCS_HISTORY_ID=1540098
INSERT INTO PLAN_VCS_HISTORY VALUES(1540098,'AP-YET',6,'e2fffd085522acc94893d790d9eed76e90e74755',1245193,'')
/*C46*/DELETE FROM PLAN_VCS_HISTORY WHERE PLAN_VCS_HISTORY_ID=1540097
INSERT INTO PLAN_VCS_HISTORY VALUES(1540097,'AA-SLAP',57,'e2fffd085522acc94893d790d9eed76e90e74755',1245194,'')
/*C40*/COMMIT
SET AUTOCOMMIT TRUE
/*C46*/COMMIT
SET AUTOCOMMIT TRUE
SET AUTOCOMMIT FALSE
/*C40*/SET AUTOCOMMIT FALSE
DELETE FROM HIBERNATE_UNIQUE_KEY WHERE NEXT_HI=73
INSERT INTO HIBERNATE_UNIQUE_KEY VALUES(74)
COMMIT
SET AUTOCOMMIT TRUE
/*C46*/INSERT INTO GROUPS VALUES(2392065,'build-engineers')
COMMIT
SET AUTOCOMMIT TRUE
SET AUTOCOMMIT FALSE
SET AUTOCOMMIT TRUE
SET AUTOCOMMIT FALSE
/*C40*/SET AUTOCOMMIT FALSE
SET AUTOCOMMIT TRUE
/*C46*/SET AUTOCOMMIT TRUE
SET AUTOCOMMIT FALSE
SET AUTOCOMMIT TRUE
SET AUTOCOMMIT FALSE
SET AUTOCOMMIT TRUE
SET AUTOCOMMIT FALSE
/*C40*/SET AUTOCOMMIT FALSE
/*C45*/SET AUTOCOMMIT FALSE
/*C46*/SET AUTOCOMMIT TRUE
/*C40*/SET AUTOCOMMIT TRUE
/*C45*/SET AUTOCOMMIT TRUE
SET AUTOCOMMIT FALSE
INSERT INTO GROUPS VALUES(2392066,'users')
COMMIT
SET AUTOCOMMIT TRUE
SET AUTOCOMMIT FALSE
SET AUTOCOMMIT TRUE
SET AUTOCOMMIT FALSE
SET AUTOCOMMIT TRUE
SET AUTOCOMMIT FALSE
SET AUTOCOMMIT TRUE
SET AUTOCOMMIT FALSE
SET AUTOCOMMIT TRUE
SET AUTOCOMMIT FALSE
/*C40*/SET AUTOCOMMIT FALSE
/*C46*/SET AUTOCOMMIT FALSE
/*C45*/SET AUTOCOMMIT TRUE
/*C46*/SET AUTOCOMMIT TRUE
/*C40*/SET AUTOCOMMIT TRUE
/*C36*/DISCONNECT
/*C44*/DISCONNECT
/*C40*/SET AUTOCOMMIT FALSE
SET AUTOCOMMIT TRUE
SET AUTOCOMMIT FALSE
SET AUTOCOMMIT TRUE
SET AUTOCOMMIT FALSE
SET AUTOCOMMIT TRUE
SET AUTOCOMMIT FALSE
SET AUTOCOMMIT TRUE
SET AUTOCOMMIT FALSE
SET AUTOCOMMIT TRUE
SET AUTOCOMMIT FALSE
/*C46*/SET AUTOCOMMIT FALSE
/*C45*/SET AUTOCOMMIT FALSE
/*C40*/SET AUTOCOMMIT TRUE
/*C46*/SET AUTOCOMMIT TRUE
/*C45*/SET AUTOCOMMIT TRUE
SET AUTOCOMMIT FALSE
/*C46*/SET AUTOCOMMIT FALSE
SET AUTOCOMMIT TRUE
/*C45*/SET AUTOCOMMIT TRUE
SET AUTOCOMMIT FALSE
/*C46*/SET AUTOCOMMIT FALSE
/*C45*/SET AUTOCOMMIT TRUE
/*C46*/SET AUTOCOMMIT TRUE
SET AUTOCOMMIT FALSE
/*C45*/SET AUTOCOMMIT FALSE
SET AUTOCOMMIT TRUE
/*C46*/SET AUTOCOMMIT TRUE
SET AUTOCOMMIT FALSE
/*C45*/SET AUTOCOMMIT FALSE
/*C46*/SET AUTOCOMMIT TRUE
/*C45*/SET AUTOCOMMIT TRUE
/*C46*/SET AUTOCOMMIT FALSE
/*C45*/SET AUTOCOMMIT FALSE
/*C46*/SET AUTOCOMMIT TRUE
/*C45*/SET AUTOCOMMIT TRUE
SET AUTOCOMMIT FALSE
/*C46*/SET AUTOCOMMIT FALSE
/*C45*/SET AUTOCOMMIT TRUE
/*C46*/SET AUTOCOMMIT TRUE
SET AUTOCOMMIT FALSE
/*C45*/SET AUTOCOMMIT FALSE
/*C46*/DELETE FROM PLAN_VCS_HISTORY WHERE PLAN_VCS_HISTORY_ID=1540098
INSERT INTO PLAN_VCS_HISTORY VALUES(1540098,'AP-YET',6,'e2fffd085522acc94893d790d9eed76e90e74755',1245193,'')
/*C45*/DELETE FROM PLAN_VCS_HISTORY WHERE PLAN_VCS_HISTORY_ID=1540097
INSERT INTO PLAN_VCS_HISTORY VALUES(1540097,'AA-SLAP',57,'e2fffd085522acc94893d790d9eed76e90e74755',1245194,'')
/*C46*/COMMIT
SET AUTOCOMMIT TRUE
/*C45*/COMMIT
SET AUTOCOMMIT TRUE
SET AUTOCOMMIT FALSE
SET AUTOCOMMIT TRUE
SET AUTOCOMMIT FALSE
/*C46*/SET AUTOCOMMIT FALSE
/*C45*/SET AUTOCOMMIT TRUE
/*C46*/SET AUTOCOMMIT TRUE
/*C45*/SET AUTOCOMMIT FALSE
/*C40*/SET AUTOCOMMIT FALSE
/*C45*/SET AUTOCOMMIT TRUE
/*C40*/SET AUTOCOMMIT TRUE
SET AUTOCOMMIT FALSE
/*C45*/SET AUTOCOMMIT FALSE
/*C40*/SET AUTOCOMMIT TRUE
/*C45*/SET AUTOCOMMIT TRUE
/*C40*/SET AUTOCOMMIT FALSE
/*C45*/SET AUTOCOMMIT FALSE
/*C40*/SET AUTOCOMMIT TRUE
SET AUTOCOMMIT FALSE
/*C45*/SET AUTOCOMMIT TRUE
SET AUTOCOMMIT FALSE
/*C40*/SET AUTOCOMMIT TRUE
/*C45*/SET AUTOCOMMIT TRUE
SET AUTOCOMMIT FALSE
/*C40*/SET AUTOCOMMIT FALSE
SET AUTOCOMMIT TRUE
/*C45*/SET AUTOCOMMIT TRUE
/*C40*/SET AUTOCOMMIT FALSE
/*C45*/SET AUTOCOMMIT FALSE
/*C40*/DELETE FROM PLAN_VCS_HISTORY WHERE PLAN_VCS_HISTORY_ID=1540097
INSERT INTO PLAN_VCS_HISTORY VALUES(1540097,'AA-SLAP',57,'e2fffd085522acc94893d790d9eed76e90e74755',1245194,'')
/*C45*/DELETE FROM PLAN_VCS_HISTORY WHERE PLAN_VCS_HISTORY_ID=1540098
INSERT INTO PLAN_VCS_HISTORY VALUES(1540098,'AP-YET',6,'e2fffd085522acc94893d790d9eed76e90e74755',1245193,'')
/*C40*/COMMIT
SET AUTOCOMMIT TRUE
/*C45*/COMMIT
SET AUTOCOMMIT TRUE
SET AUTOCOMMIT FALSE
SET AUTOCOMMIT TRUE
SET AUTOCOMMIT FALSE
/*C40*/SET AUTOCOMMIT FALSE
DELETE FROM HIBERNATE_UNIQUE_KEY WHERE NEXT_HI=74
INSERT INTO HIBERNATE_UNIQUE_KEY VALUES(75)
COMMIT
SET AUTOCOMMIT TRUE
/*C45*/INSERT INTO USERS VALUES(2424833,'bob',NULL,NULL,'2014-07-28 10:34:48.330000000',NULL)
DELETE FROM USERS WHERE ID=2424833
INSERT INTO USERS VALUES(2424833,'bob','{PKCS5S2}I3938gC/9LmM1fK/7CiKCro+TqE5lz1MLqkV6LrXjt5Sqv0FU5q6r8K400Qf7Cvb',NULL,'2014-07-28 10:34:48.330000000',NULL)
DELETE FROM USERS WHERE ID=2424833
INSERT INTO USERS VALUES(2424833,'bob','{PKCS5S2}I3938gC/9LmM1fK/7CiKCro+TqE5lz1MLqkV6LrXjt5Sqv0FU5q6r8K400Qf7Cvb','bob@example.com','2014-07-28 10:34:48.330000000','Bob the Builder')
INSERT INTO LOCAL_MEMBERS VALUES(2424833,2392065)
INSERT INTO OS_PROPERTYENTRY VALUES('LOC_bob',2424833,'bamboo.user.contact.jabber',5,FALSE,0.0E0,'','',0,0,NULL)
INSERT INTO OS_PROPERTYENTRY VALUES('LOC_bob',2424833,'bamboo.user.contact.preference',5,FALSE,0.0E0,'both','',0,0,NULL)
INSERT INTO OS_PROPERTYENTRY VALUES('LOC_bob',2424833,'bamboo.user.contact.transportPreference',5,FALSE,0.0E0,'multipart','',0,0,NULL)
COMMIT
SET AUTOCOMMIT TRUE
SET AUTOCOMMIT FALSE
SET AUTOCOMMIT TRUE
SET AUTOCOMMIT FALSE
SET AUTOCOMMIT TRUE
SET AUTOCOMMIT FALSE
SET AUTOCOMMIT TRUE
SET AUTOCOMMIT FALSE
SET AUTOCOMMIT TRUE
SET AUTOCOMMIT FALSE
/*C40*/SET AUTOCOMMIT FALSE
/*C46*/SET AUTOCOMMIT FALSE
/*C40*/SET AUTOCOMMIT TRUE
/*C46*/SET AUTOCOMMIT TRUE
/*C45*/SET AUTOCOMMIT TRUE
SET AUTOCOMMIT FALSE
/*C46*/SET AUTOCOMMIT FALSE
/*C45*/SET AUTOCOMMIT TRUE
SET AUTOCOMMIT FALSE
/*C46*/SET AUTOCOMMIT TRUE
SET AUTOCOMMIT FALSE
/*C45*/SET AUTOCOMMIT TRUE
SET AUTOCOMMIT FALSE
/*C46*/SET AUTOCOMMIT TRUE
SET AUTOCOMMIT FALSE
/*C45*/SET AUTOCOMMIT TRUE
SET AUTOCOMMIT FALSE
/*C46*/SET AUTOCOMMIT TRUE
SET AUTOCOMMIT FALSE
/*C45*/SET AUTOCOMMIT TRUE
SET AUTOCOMMIT FALSE
/*C46*/SET AUTOCOMMIT TRUE
SET AUTOCOMMIT FALSE
/*C45*/SET AUTOCOMMIT TRUE
/*C46*/SET AUTOCOMMIT TRUE
SET AUTOCOMMIT FALSE
SET AUTOCOMMIT TRUE
SET AUTOCOMMIT FALSE
SET AUTOCOMMIT TRUE
SET AUTOCOMMIT FALSE
SET AUTOCOMMIT TRUE
/*C45*/SET AUTOCOMMIT FALSE
SET AUTOCOMMIT TRUE
SET AUTOCOMMIT FALSE
/*C46*/SET AUTOCOMMIT FALSE
/*C45*/SET AUTOCOMMIT TRUE
/*C46*/SET AUTOCOMMIT TRUE
/*C45*/SET AUTOCOMMIT FALSE
/*C46*/SET AUTOCOMMIT FALSE
/*C45*/DELETE FROM PLAN_VCS_HISTORY WHERE PLAN_VCS_HISTORY_ID=1540098
INSERT INTO PLAN_VCS_HISTORY VALUES(1540098,'AP-YET',6,'e2fffd085522acc94893d790d9eed76e90e74755',1245193,'')
/*C46*/DELETE FROM PLAN_VCS_HISTORY WHERE PLAN_VCS_HISTORY_ID=1540097
INSERT INTO PLAN_VCS_HISTORY VALUES(1540097,'AA-SLAP',57,'e2fffd085522acc94893d790d9eed76e90e74755',1245194,'')
/*C45*/COMMIT
SET AUTOCOMMIT TRUE
/*C46*/COMMIT
SET AUTOCOMMIT TRUE
SET AUTOCOMMIT FALSE
SET AUTOCOMMIT TRUE
SET AUTOCOMMIT FALSE
/*C45*/SET AUTOCOMMIT FALSE
SET AUTOCOMMIT TRUE
/*C46*/SET AUTOCOMMIT TRUE
SET AUTOCOMMIT FALSE
/*C45*/SET AUTOCOMMIT FALSE
/*C46*/SET AUTOCOMMIT TRUE
/*C45*/SET AUTOCOMMIT TRUE
SET AUTOCOMMIT FALSE
/*C46*/SET AUTOCOMMIT FALSE
/*C45*/SET AUTOCOMMIT TRUE
/*C46*/SET AUTOCOMMIT TRUE
SET AUTOCOMMIT FALSE
/*C45*/SET AUTOCOMMIT FALSE
/*C46*/SET AUTOCOMMIT TRUE
SET AUTOCOMMIT FALSE
/*C45*/SET AUTOCOMMIT TRUE
SET AUTOCOMMIT FALSE
/*C46*/SET AUTOCOMMIT TRUE
/*C45*/SET AUTOCOMMIT TRUE
SET AUTOCOMMIT FALSE
/*C46*/SET AUTOCOMMIT FALSE
/*C45*/SET AUTOCOMMIT TRUE
/*C46*/SET AUTOCOMMIT TRUE
/*C45*/SET AUTOCOMMIT FALSE
/*C40*/SET AUTOCOMMIT FALSE
/*C45*/DELETE FROM PLAN_VCS_HISTORY WHERE PLAN_VCS_HISTORY_ID=1540097
INSERT INTO PLAN_VCS_HISTORY VALUES(1540097,'AA-SLAP',57,'e2fffd085522acc94893d790d9eed76e90e74755',1245194,'')
/*C40*/DELETE FROM PLAN_VCS_HISTORY WHERE PLAN_VCS_HISTORY_ID=1540098
INSERT INTO PLAN_VCS_HISTORY VALUES(1540098,'AP-YET',6,'e2fffd085522acc94893d790d9eed76e90e74755',1245193,'')
/*C45*/COMMIT
/*C40*/COMMIT
/*C45*/SET AUTOCOMMIT TRUE
/*C40*/SET AUTOCOMMIT TRUE
SET AUTOCOMMIT FALSE
INSERT INTO USERS VALUES(2424834,'joe',NULL,NULL,'2014-07-28 10:35:15.572000000',NULL)
DELETE FROM USERS WHERE ID=2424834
INSERT INTO USERS VALUES(2424834,'joe','{PKCS5S2}/X2hJfuZ4YiNZjN9c+93jbCPcvJHCxCJOQSEYLJbOP//HjIQ3VV29uQ/wpYOkbmN',NULL,'2014-07-28 10:35:15.572000000',NULL)
DELETE FROM USERS WHERE ID=2424834
INSERT INTO USERS VALUES(2424834,'joe','{PKCS5S2}/X2hJfuZ4YiNZjN9c+93jbCPcvJHCxCJOQSEYLJbOP//HjIQ3VV29uQ/wpYOkbmN','joe@example.com','2014-07-28 10:35:15.572000000','Joe the User')
INSERT INTO LOCAL_MEMBERS VALUES(2424834,2392066)
INSERT INTO OS_PROPERTYENTRY VALUES('LOC_joe',2424834,'bamboo.user.contact.jabber',5,FALSE,0.0E0,'','',0,0,NULL)
INSERT INTO OS_PROPERTYENTRY VALUES('LOC_joe',2424834,'bamboo.user.contact.preference',5,FALSE,0.0E0,'both','',0,0,NULL)
INSERT INTO OS_PROPERTYENTRY VALUES('LOC_joe',2424834,'bamboo.user.contact.transportPreference',5,FALSE,0.0E0,'multipart','',0,0,NULL)
COMMIT
SET AUTOCOMMIT TRUE
SET AUTOCOMMIT FALSE
SET AUTOCOMMIT TRUE
SET AUTOCOMMIT FALSE
SET AUTOCOMMIT TRUE
SET AUTOCOMMIT FALSE
SET AUTOCOMMIT TRUE
SET AUTOCOMMIT FALSE
SET AUTOCOMMIT TRUE
SET AUTOCOMMIT FALSE
/*C45*/SET AUTOCOMMIT FALSE
/*C46*/SET AUTOCOMMIT FALSE
/*C45*/SET AUTOCOMMIT TRUE
/*C40*/SET AUTOCOMMIT TRUE
/*C46*/SET AUTOCOMMIT TRUE
SET AUTOCOMMIT FALSE
SET AUTOCOMMIT TRUE
SET AUTOCOMMIT FALSE
SET AUTOCOMMIT TRUE
SET AUTOCOMMIT FALSE
/*C40*/SET AUTOCOMMIT FALSE
/*C46*/SET AUTOCOMMIT TRUE
SET AUTOCOMMIT FALSE
/*C40*/SET AUTOCOMMIT TRUE
SET AUTOCOMMIT FALSE
/*C46*/SET AUTOCOMMIT TRUE
SET AUTOCOMMIT FALSE
/*C40*/SET AUTOCOMMIT TRUE
SET AUTOCOMMIT FALSE
/*C46*/SET AUTOCOMMIT TRUE
SET AUTOCOMMIT FALSE
/*C40*/SET AUTOCOMMIT TRUE
SET AUTOCOMMIT FALSE
/*C46*/SET AUTOCOMMIT TRUE
SET AUTOCOMMIT FALSE
SET AUTOCOMMIT TRUE
/*C40*/SET AUTOCOMMIT TRUE
SET AUTOCOMMIT FALSE
SET AUTOCOMMIT TRUE
SET AUTOCOMMIT FALSE
/*C46*/SET AUTOCOMMIT FALSE
/*C40*/SET AUTOCOMMIT TRUE
/*C46*/SET AUTOCOMMIT TRUE
/*C40*/SET AUTOCOMMIT FALSE
/*C46*/SET AUTOCOMMIT FALSE
/*C40*/DELETE FROM PLAN_VCS_HISTORY WHERE PLAN_VCS_HISTORY_ID=1540098
INSERT INTO PLAN_VCS_HISTORY VALUES(1540098,'AP-YET',6,'e2fffd085522acc94893d790d9eed76e90e74755',1245193,'')
/*C46*/DELETE FROM PLAN_VCS_HISTORY WHERE PLAN_VCS_HISTORY_ID=1540097
INSERT INTO PLAN_VCS_HISTORY VALUES(1540097,'AA-SLAP',57,'e2fffd085522acc94893d790d9eed76e90e74755',1245194,'')
/*C40*/COMMIT
SET AUTOCOMMIT TRUE
/*C46*/COMMIT
SET AUTOCOMMIT TRUE
